2022-12-03 15:00:47.589  INFO 37230 --- [main] c.e.r.service.BookServiceTest            : Starting BookServiceTest using Java 11.0.17 on NT01146 with PID 37230 (started by mehmetakcan in /home/mehmetakcan/Aurora/4.Orientation-AB/2.Projects/13.RentaBookRestServices/Rentabook Rest Services)
2022-12-03 15:00:47.590  INFO 37230 --- [main] c.e.r.service.BookServiceTest            : No active profile set, falling back to 1 default profile: "default"
2022-12-03 15:00:47.909  INFO 37230 --- [main] .s.d.r.c.RepositoryConfigurationDelegate : Bootstrapping Spring Data JPA repositories in DEFAULT mode.
2022-12-03 15:00:47.943  INFO 37230 --- [main] .s.d.r.c.RepositoryConfigurationDelegate : Finished Spring Data repository scanning in 30 ms. Found 7 JPA repository interfaces.
2022-12-03 15:00:48.216  INFO 37230 --- [main] com.zaxxer.hikari.HikariDataSource       : HikariPool-1 - Starting...
2022-12-03 15:00:48.325  INFO 37230 --- [main] com.zaxxer.hikari.HikariDataSource       : HikariPool-1 - Start completed.
2022-12-03 15:00:48.360  INFO 37230 --- [main] o.hibernate.jpa.internal.util.LogHelper  : HHH000204: Processing PersistenceUnitInfo [name: default]
2022-12-03 15:00:48.389  INFO 37230 --- [main] org.hibernate.Version                    : HHH000412: Hibernate ORM core version 5.6.12.Final
2022-12-03 15:00:48.475  INFO 37230 --- [main] o.hibernate.annotations.common.Version   : HCANN000001: Hibernate Commons Annotations {5.1.2.Final}
2022-12-03 15:00:48.542  INFO 37230 --- [main] org.hibernate.dialect.Dialect            : HHH000400: Using dialect: org.hibernate.dialect.H2Dialect
2022-12-03 15:00:48.926  INFO 37230 --- [main] o.h.e.t.j.p.i.JtaPlatformInitiator       : HHH000490: Using JtaPlatform implementation: [org.hibernate.engine.transaction.jta.platform.internal.NoJtaPlatform]
2022-12-03 15:00:48.930  INFO 37230 --- [main] j.LocalContainerEntityManagerFactoryBean : Initialized JPA EntityManagerFactory for persistence unit 'default'
2022-12-03 15:00:49.250  INFO 37230 --- [main] c.e.r.service.RentService                : R312202215049
2022-12-03 15:00:49.380  WARN 37230 --- [main] JpaBaseConfiguration$JpaWebConfiguration : spring.jpa.open-in-view is enabled by default. Therefore, database queries may be performed during view rendering. Explicitly configure spring.jpa.open-in-view to disable this warning
2022-12-03 15:00:49.724  INFO 37230 --- [main] c.e.r.service.BookServiceTest            : Started BookServiceTest in 2.315 seconds (JVM running for 2.842)
2022-12-03 15:00:49.781  INFO 37230 --- [main] c.e.r.repository.LoadDatabase            : Veriler Yüklendi
2022-12-03 15:00:49.946  INFO 37230 --- [SpringApplicationShutdownHook] j.LocalContainerEntityManagerFactoryBean : Closing JPA EntityManagerFactory for persistence unit 'default'
2022-12-03 15:00:49.946  INFO 37230 --- [SpringApplicationShutdownHook] .SchemaDropperImpl$DelayedDropActionImpl : HHH000477: Starting delayed evictData of schema as part of SessionFactory shut-down'
2022-12-03 15:00:49.951  INFO 37230 --- [SpringApplicationShutdownHook] com.zaxxer.hikari.HikariDataSource       : HikariPool-1 - Shutdown initiated...
2022-12-03 15:00:49.952  INFO 37230 --- [SpringApplicationShutdownHook] com.zaxxer.hikari.HikariDataSource       : HikariPool-1 - Shutdown completed.
2022-12-03 15:02:13.718  INFO 37353 --- [main] c.e.r.service.BookServiceTest            : Starting BookServiceTest using Java 11.0.17 on NT01146 with PID 37353 (started by mehmetakcan in /home/mehmetakcan/Aurora/4.Orientation-AB/2.Projects/13.RentaBookRestServices/Rentabook Rest Services)
2022-12-03 15:02:13.720  INFO 37353 --- [main] c.e.r.service.BookServiceTest            : No active profile set, falling back to 1 default profile: "default"
2022-12-03 15:02:14.089  INFO 37353 --- [main] .s.d.r.c.RepositoryConfigurationDelegate : Bootstrapping Spring Data JPA repositories in DEFAULT mode.
2022-12-03 15:02:14.125  INFO 37353 --- [main] .s.d.r.c.RepositoryConfigurationDelegate : Finished Spring Data repository scanning in 32 ms. Found 7 JPA repository interfaces.
2022-12-03 15:02:14.428  INFO 37353 --- [main] com.zaxxer.hikari.HikariDataSource       : HikariPool-1 - Starting...
2022-12-03 15:02:14.565  INFO 37353 --- [main] com.zaxxer.hikari.HikariDataSource       : HikariPool-1 - Start completed.
2022-12-03 15:02:14.605  INFO 37353 --- [main] o.hibernate.jpa.internal.util.LogHelper  : HHH000204: Processing PersistenceUnitInfo [name: default]
2022-12-03 15:02:14.633  INFO 37353 --- [main] org.hibernate.Version                    : HHH000412: Hibernate ORM core version 5.6.12.Final
2022-12-03 15:02:14.737  INFO 37353 --- [main] o.hibernate.annotations.common.Version   : HCANN000001: Hibernate Commons Annotations {5.1.2.Final}
2022-12-03 15:02:14.833  INFO 37353 --- [main] org.hibernate.dialect.Dialect            : HHH000400: Using dialect: org.hibernate.dialect.H2Dialect
2022-12-03 15:02:15.290  INFO 37353 --- [main] o.h.e.t.j.p.i.JtaPlatformInitiator       : HHH000490: Using JtaPlatform implementation: [org.hibernate.engine.transaction.jta.platform.internal.NoJtaPlatform]
2022-12-03 15:02:15.294  INFO 37353 --- [main] j.LocalContainerEntityManagerFactoryBean : Initialized JPA EntityManagerFactory for persistence unit 'default'
2022-12-03 15:02:15.647  INFO 37353 --- [main] c.e.r.service.RentService                : R312202215215
2022-12-03 15:02:15.811  WARN 37353 --- [main] JpaBaseConfiguration$JpaWebConfiguration : spring.jpa.open-in-view is enabled by default. Therefore, database queries may be performed during view rendering. Explicitly configure spring.jpa.open-in-view to disable this warning
2022-12-03 15:02:16.210  INFO 37353 --- [main] c.e.r.service.BookServiceTest            : Started BookServiceTest in 2.677 seconds (JVM running for 3.322)
2022-12-03 15:02:16.286  INFO 37353 --- [main] c.e.r.repository.LoadDatabase            : Veriler Yüklendi
2022-12-03 15:02:26.121  INFO 37353 --- [SpringApplicationShutdownHook] j.LocalContainerEntityManagerFactoryBean : Closing JPA EntityManagerFactory for persistence unit 'default'
2022-12-03 15:02:26.122  INFO 37353 --- [SpringApplicationShutdownHook] .SchemaDropperImpl$DelayedDropActionImpl : HHH000477: Starting delayed evictData of schema as part of SessionFactory shut-down'
2022-12-03 15:02:26.128  INFO 37353 --- [SpringApplicationShutdownHook] com.zaxxer.hikari.HikariDataSource       : HikariPool-1 - Shutdown initiated...
2022-12-03 15:02:26.130  INFO 37353 --- [SpringApplicationShutdownHook] com.zaxxer.hikari.HikariDataSource       : HikariPool-1 - Shutdown completed.
2022-12-03 15:08:39.953  INFO 37858 --- [main] c.e.r.service.BookServiceTest            : Starting BookServiceTest using Java 11.0.17 on NT01146 with PID 37858 (started by mehmetakcan in /home/mehmetakcan/Aurora/4.Orientation-AB/2.Projects/13.RentaBookRestServices/Rentabook Rest Services)
2022-12-03 15:08:39.954  INFO 37858 --- [main] c.e.r.service.BookServiceTest            : No active profile set, falling back to 1 default profile: "default"
2022-12-03 15:08:40.262  INFO 37858 --- [main] .s.d.r.c.RepositoryConfigurationDelegate : Bootstrapping Spring Data JPA repositories in DEFAULT mode.
2022-12-03 15:08:40.296  INFO 37858 --- [main] .s.d.r.c.RepositoryConfigurationDelegate : Finished Spring Data repository scanning in 30 ms. Found 7 JPA repository interfaces.
2022-12-03 15:08:40.547  INFO 37858 --- [main] com.zaxxer.hikari.HikariDataSource       : HikariPool-1 - Starting...
2022-12-03 15:08:40.652  INFO 37858 --- [main] com.zaxxer.hikari.HikariDataSource       : HikariPool-1 - Start completed.
2022-12-03 15:08:40.686  INFO 37858 --- [main] o.hibernate.jpa.internal.util.LogHelper  : HHH000204: Processing PersistenceUnitInfo [name: default]
2022-12-03 15:08:40.710  INFO 37858 --- [main] org.hibernate.Version                    : HHH000412: Hibernate ORM core version 5.6.12.Final
2022-12-03 15:08:40.800  INFO 37858 --- [main] o.hibernate.annotations.common.Version   : HCANN000001: Hibernate Commons Annotations {5.1.2.Final}
2022-12-03 15:08:40.873  INFO 37858 --- [main] org.hibernate.dialect.Dialect            : HHH000400: Using dialect: org.hibernate.dialect.H2Dialect
2022-12-03 15:08:41.255  INFO 37858 --- [main] o.h.e.t.j.p.i.JtaPlatformInitiator       : HHH000490: Using JtaPlatform implementation: [org.hibernate.engine.transaction.jta.platform.internal.NoJtaPlatform]
2022-12-03 15:08:41.260  INFO 37858 --- [main] j.LocalContainerEntityManagerFactoryBean : Initialized JPA EntityManagerFactory for persistence unit 'default'
2022-12-03 15:08:41.554  INFO 37858 --- [main] c.e.r.service.RentService                : R312202215841
2022-12-03 15:08:41.682  WARN 37858 --- [main] JpaBaseConfiguration$JpaWebConfiguration : spring.jpa.open-in-view is enabled by default. Therefore, database queries may be performed during view rendering. Explicitly configure spring.jpa.open-in-view to disable this warning
2022-12-03 15:08:41.982  INFO 37858 --- [main] c.e.r.service.BookServiceTest            : Started BookServiceTest in 2.198 seconds (JVM running for 2.731)
2022-12-03 15:08:42.045  INFO 37858 --- [main] c.e.r.repository.LoadDatabase            : Veriler Yüklendi
2022-12-03 15:08:42.203  INFO 37858 --- [SpringApplicationShutdownHook] j.LocalContainerEntityManagerFactoryBean : Closing JPA EntityManagerFactory for persistence unit 'default'
2022-12-03 15:08:42.204  INFO 37858 --- [SpringApplicationShutdownHook] .SchemaDropperImpl$DelayedDropActionImpl : HHH000477: Starting delayed evictData of schema as part of SessionFactory shut-down'
2022-12-03 15:08:42.209  INFO 37858 --- [SpringApplicationShutdownHook] com.zaxxer.hikari.HikariDataSource       : HikariPool-1 - Shutdown initiated...
2022-12-03 15:08:42.211  INFO 37858 --- [SpringApplicationShutdownHook] com.zaxxer.hikari.HikariDataSource       : HikariPool-1 - Shutdown completed.
2022-12-03 15:09:33.427  INFO 37984 --- [main] c.e.r.service.BookServiceTest            : Starting BookServiceTest using Java 11.0.17 on NT01146 with PID 37984 (started by mehmetakcan in /home/mehmetakcan/Aurora/4.Orientation-AB/2.Projects/13.RentaBookRestServices/Rentabook Rest Services)
2022-12-03 15:09:33.428  INFO 37984 --- [main] c.e.r.service.BookServiceTest            : No active profile set, falling back to 1 default profile: "default"
2022-12-03 15:09:33.744  INFO 37984 --- [main] .s.d.r.c.RepositoryConfigurationDelegate : Bootstrapping Spring Data JPA repositories in DEFAULT mode.
2022-12-03 15:09:33.776  INFO 37984 --- [main] .s.d.r.c.RepositoryConfigurationDelegate : Finished Spring Data repository scanning in 27 ms. Found 7 JPA repository interfaces.
2022-12-03 15:09:34.031  INFO 37984 --- [main] com.zaxxer.hikari.HikariDataSource       : HikariPool-1 - Starting...
2022-12-03 15:09:34.132  INFO 37984 --- [main] com.zaxxer.hikari.HikariDataSource       : HikariPool-1 - Start completed.
2022-12-03 15:09:34.167  INFO 37984 --- [main] o.hibernate.jpa.internal.util.LogHelper  : HHH000204: Processing PersistenceUnitInfo [name: default]
2022-12-03 15:09:34.191  INFO 37984 --- [main] org.hibernate.Version                    : HHH000412: Hibernate ORM core version 5.6.12.Final
2022-12-03 15:09:34.287  INFO 37984 --- [main] o.hibernate.annotations.common.Version   : HCANN000001: Hibernate Commons Annotations {5.1.2.Final}
2022-12-03 15:09:34.359  INFO 37984 --- [main] org.hibernate.dialect.Dialect            : HHH000400: Using dialect: org.hibernate.dialect.H2Dialect
2022-12-03 15:09:34.709  INFO 37984 --- [main] o.h.e.t.j.p.i.JtaPlatformInitiator       : HHH000490: Using JtaPlatform implementation: [org.hibernate.engine.transaction.jta.platform.internal.NoJtaPlatform]
2022-12-03 15:09:34.713  INFO 37984 --- [main] j.LocalContainerEntityManagerFactoryBean : Initialized JPA EntityManagerFactory for persistence unit 'default'
2022-12-03 15:09:35.010  INFO 37984 --- [main] c.e.r.service.RentService                : R312202215935
2022-12-03 15:09:35.125  WARN 37984 --- [main] JpaBaseConfiguration$JpaWebConfiguration : spring.jpa.open-in-view is enabled by default. Therefore, database queries may be performed during view rendering. Explicitly configure spring.jpa.open-in-view to disable this warning
2022-12-03 15:09:35.405  INFO 37984 --- [main] c.e.r.service.BookServiceTest            : Started BookServiceTest in 2.178 seconds (JVM running for 2.711)
2022-12-03 15:09:35.467  INFO 37984 --- [main] c.e.r.repository.LoadDatabase            : Veriler Yüklendi
2022-12-03 15:09:35.637  INFO 37984 --- [SpringApplicationShutdownHook] j.LocalContainerEntityManagerFactoryBean : Closing JPA EntityManagerFactory for persistence unit 'default'
2022-12-03 15:09:35.638  INFO 37984 --- [SpringApplicationShutdownHook] .SchemaDropperImpl$DelayedDropActionImpl : HHH000477: Starting delayed evictData of schema as part of SessionFactory shut-down'
2022-12-03 15:09:35.643  INFO 37984 --- [SpringApplicationShutdownHook] com.zaxxer.hikari.HikariDataSource       : HikariPool-1 - Shutdown initiated...
2022-12-03 15:09:35.645  INFO 37984 --- [SpringApplicationShutdownHook] com.zaxxer.hikari.HikariDataSource       : HikariPool-1 - Shutdown completed.
2022-12-03 15:11:12.623  INFO 38129 --- [main] c.e.r.service.BookServiceTest            : Starting BookServiceTest using Java 11.0.17 on NT01146 with PID 38129 (started by mehmetakcan in /home/mehmetakcan/Aurora/4.Orientation-AB/2.Projects/13.RentaBookRestServices/Rentabook Rest Services)
2022-12-03 15:11:12.624  INFO 38129 --- [main] c.e.r.service.BookServiceTest            : No active profile set, falling back to 1 default profile: "default"
2022-12-03 15:11:12.972  INFO 38129 --- [main] .s.d.r.c.RepositoryConfigurationDelegate : Bootstrapping Spring Data JPA repositories in DEFAULT mode.
2022-12-03 15:11:13.009  INFO 38129 --- [main] .s.d.r.c.RepositoryConfigurationDelegate : Finished Spring Data repository scanning in 33 ms. Found 7 JPA repository interfaces.
2022-12-03 15:11:13.340  INFO 38129 --- [main] com.zaxxer.hikari.HikariDataSource       : HikariPool-1 - Starting...
2022-12-03 15:11:13.461  INFO 38129 --- [main] com.zaxxer.hikari.HikariDataSource       : HikariPool-1 - Start completed.
2022-12-03 15:11:13.502  INFO 38129 --- [main] o.hibernate.jpa.internal.util.LogHelper  : HHH000204: Processing PersistenceUnitInfo [name: default]
2022-12-03 15:11:13.531  INFO 38129 --- [main] org.hibernate.Version                    : HHH000412: Hibernate ORM core version 5.6.12.Final
2022-12-03 15:11:13.643  INFO 38129 --- [main] o.hibernate.annotations.common.Version   : HCANN000001: Hibernate Commons Annotations {5.1.2.Final}
2022-12-03 15:11:13.733  INFO 38129 --- [main] org.hibernate.dialect.Dialect            : HHH000400: Using dialect: org.hibernate.dialect.H2Dialect
2022-12-03 15:11:14.185  INFO 38129 --- [main] o.h.e.t.j.p.i.JtaPlatformInitiator       : HHH000490: Using JtaPlatform implementation: [org.hibernate.engine.transaction.jta.platform.internal.NoJtaPlatform]
2022-12-03 15:11:14.190  INFO 38129 --- [main] j.LocalContainerEntityManagerFactoryBean : Initialized JPA EntityManagerFactory for persistence unit 'default'
2022-12-03 15:11:14.546  INFO 38129 --- [main] c.e.r.service.RentService                : R3122022151114
2022-12-03 15:11:14.730  WARN 38129 --- [main] JpaBaseConfiguration$JpaWebConfiguration : spring.jpa.open-in-view is enabled by default. Therefore, database queries may be performed during view rendering. Explicitly configure spring.jpa.open-in-view to disable this warning
2022-12-03 15:11:15.151  INFO 38129 --- [main] c.e.r.service.BookServiceTest            : Started BookServiceTest in 2.713 seconds (JVM running for 3.327)
2022-12-03 15:11:15.230  INFO 38129 --- [main] c.e.r.repository.LoadDatabase            : Veriler Yüklendi
2022-12-03 15:11:47.587  INFO 38129 --- [SpringApplicationShutdownHook] j.LocalContainerEntityManagerFactoryBean : Closing JPA EntityManagerFactory for persistence unit 'default'
2022-12-03 15:11:47.588  INFO 38129 --- [SpringApplicationShutdownHook] .SchemaDropperImpl$DelayedDropActionImpl : HHH000477: Starting delayed evictData of schema as part of SessionFactory shut-down'
2022-12-03 15:11:47.592  INFO 38129 --- [SpringApplicationShutdownHook] com.zaxxer.hikari.HikariDataSource       : HikariPool-1 - Shutdown initiated...
2022-12-03 15:11:47.594  INFO 38129 --- [SpringApplicationShutdownHook] com.zaxxer.hikari.HikariDataSource       : HikariPool-1 - Shutdown completed.
2022-12-03 15:12:17.856  INFO 38264 --- [main] c.e.r.service.BookServiceTest            : Starting BookServiceTest using Java 11.0.17 on NT01146 with PID 38264 (started by mehmetakcan in /home/mehmetakcan/Aurora/4.Orientation-AB/2.Projects/13.RentaBookRestServices/Rentabook Rest Services)
2022-12-03 15:12:17.857  INFO 38264 --- [main] c.e.r.service.BookServiceTest            : No active profile set, falling back to 1 default profile: "default"
2022-12-03 15:12:18.202  INFO 38264 --- [main] .s.d.r.c.RepositoryConfigurationDelegate : Bootstrapping Spring Data JPA repositories in DEFAULT mode.
2022-12-03 15:12:18.238  INFO 38264 --- [main] .s.d.r.c.RepositoryConfigurationDelegate : Finished Spring Data repository scanning in 32 ms. Found 7 JPA repository interfaces.
2022-12-03 15:12:18.547  INFO 38264 --- [main] com.zaxxer.hikari.HikariDataSource       : HikariPool-1 - Starting...
2022-12-03 15:12:18.664  INFO 38264 --- [main] com.zaxxer.hikari.HikariDataSource       : HikariPool-1 - Start completed.
2022-12-03 15:12:18.704  INFO 38264 --- [main] o.hibernate.jpa.internal.util.LogHelper  : HHH000204: Processing PersistenceUnitInfo [name: default]
2022-12-03 15:12:18.734  INFO 38264 --- [main] org.hibernate.Version                    : HHH000412: Hibernate ORM core version 5.6.12.Final
2022-12-03 15:12:18.846  INFO 38264 --- [main] o.hibernate.annotations.common.Version   : HCANN000001: Hibernate Commons Annotations {5.1.2.Final}
2022-12-03 15:12:18.938  INFO 38264 --- [main] org.hibernate.dialect.Dialect            : HHH000400: Using dialect: org.hibernate.dialect.H2Dialect
2022-12-03 15:12:19.376  INFO 38264 --- [main] o.h.e.t.j.p.i.JtaPlatformInitiator       : HHH000490: Using JtaPlatform implementation: [org.hibernate.engine.transaction.jta.platform.internal.NoJtaPlatform]
2022-12-03 15:12:19.380  INFO 38264 --- [main] j.LocalContainerEntityManagerFactoryBean : Initialized JPA EntityManagerFactory for persistence unit 'default'
2022-12-03 15:12:19.760  INFO 38264 --- [main] c.e.r.service.RentService                : R3122022151219
2022-12-03 15:12:19.921  WARN 38264 --- [main] JpaBaseConfiguration$JpaWebConfiguration : spring.jpa.open-in-view is enabled by default. Therefore, database queries may be performed during view rendering. Explicitly configure spring.jpa.open-in-view to disable this warning
2022-12-03 15:12:20.314  INFO 38264 --- [main] c.e.r.service.BookServiceTest            : Started BookServiceTest in 2.635 seconds (JVM running for 3.234)
2022-12-03 15:12:20.392  INFO 38264 --- [main] c.e.r.repository.LoadDatabase            : Veriler Yüklendi
2022-12-03 15:12:41.508  INFO 38264 --- [SpringApplicationShutdownHook] j.LocalContainerEntityManagerFactoryBean : Closing JPA EntityManagerFactory for persistence unit 'default'
2022-12-03 15:12:41.510  INFO 38264 --- [SpringApplicationShutdownHook] .SchemaDropperImpl$DelayedDropActionImpl : HHH000477: Starting delayed evictData of schema as part of SessionFactory shut-down'
2022-12-03 15:12:41.515  INFO 38264 --- [SpringApplicationShutdownHook] com.zaxxer.hikari.HikariDataSource       : HikariPool-1 - Shutdown initiated...
2022-12-03 15:12:41.517  INFO 38264 --- [SpringApplicationShutdownHook] com.zaxxer.hikari.HikariDataSource       : HikariPool-1 - Shutdown completed.
2022-12-03 15:17:42.607  INFO 38805 --- [main] c.e.r.service.BookServiceTest            : Starting BookServiceTest using Java 11.0.17 on NT01146 with PID 38805 (started by mehmetakcan in /home/mehmetakcan/Aurora/4.Orientation-AB/2.Projects/13.RentaBookRestServices/Rentabook Rest Services)
2022-12-03 15:17:42.609  INFO 38805 --- [main] c.e.r.service.BookServiceTest            : No active profile set, falling back to 1 default profile: "default"
2022-12-03 15:17:42.926  INFO 38805 --- [main] .s.d.r.c.RepositoryConfigurationDelegate : Bootstrapping Spring Data JPA repositories in DEFAULT mode.
2022-12-03 15:17:42.961  INFO 38805 --- [main] .s.d.r.c.RepositoryConfigurationDelegate : Finished Spring Data repository scanning in 30 ms. Found 7 JPA repository interfaces.
2022-12-03 15:17:43.223  INFO 38805 --- [main] com.zaxxer.hikari.HikariDataSource       : HikariPool-1 - Starting...
2022-12-03 15:17:43.325  INFO 38805 --- [main] com.zaxxer.hikari.HikariDataSource       : HikariPool-1 - Start completed.
2022-12-03 15:17:43.357  INFO 38805 --- [main] o.hibernate.jpa.internal.util.LogHelper  : HHH000204: Processing PersistenceUnitInfo [name: default]
2022-12-03 15:17:43.379  INFO 38805 --- [main] org.hibernate.Version                    : HHH000412: Hibernate ORM core version 5.6.12.Final
2022-12-03 15:17:43.470  INFO 38805 --- [main] o.hibernate.annotations.common.Version   : HCANN000001: Hibernate Commons Annotations {5.1.2.Final}
2022-12-03 15:17:43.539  INFO 38805 --- [main] org.hibernate.dialect.Dialect            : HHH000400: Using dialect: org.hibernate.dialect.H2Dialect
2022-12-03 15:17:43.907  INFO 38805 --- [main] o.h.e.t.j.p.i.JtaPlatformInitiator       : HHH000490: Using JtaPlatform implementation: [org.hibernate.engine.transaction.jta.platform.internal.NoJtaPlatform]
2022-12-03 15:17:43.911  INFO 38805 --- [main] j.LocalContainerEntityManagerFactoryBean : Initialized JPA EntityManagerFactory for persistence unit 'default'
2022-12-03 15:17:44.219  INFO 38805 --- [main] c.e.r.service.RentService                : R3122022151744
2022-12-03 15:17:44.336  WARN 38805 --- [main] JpaBaseConfiguration$JpaWebConfiguration : spring.jpa.open-in-view is enabled by default. Therefore, database queries may be performed during view rendering. Explicitly configure spring.jpa.open-in-view to disable this warning
2022-12-03 15:17:44.598  INFO 38805 --- [main] c.e.r.service.BookServiceTest            : Started BookServiceTest in 2.168 seconds (JVM running for 2.747)
2022-12-03 15:17:44.654  INFO 38805 --- [main] c.e.r.repository.LoadDatabase            : Veriler Yüklendi
2022-12-03 15:17:44.817  INFO 38805 --- [SpringApplicationShutdownHook] j.LocalContainerEntityManagerFactoryBean : Closing JPA EntityManagerFactory for persistence unit 'default'
2022-12-03 15:17:44.817  INFO 38805 --- [SpringApplicationShutdownHook] .SchemaDropperImpl$DelayedDropActionImpl : HHH000477: Starting delayed evictData of schema as part of SessionFactory shut-down'
2022-12-03 15:17:44.822  INFO 38805 --- [SpringApplicationShutdownHook] com.zaxxer.hikari.HikariDataSource       : HikariPool-1 - Shutdown initiated...
2022-12-03 15:17:44.824  INFO 38805 --- [SpringApplicationShutdownHook] com.zaxxer.hikari.HikariDataSource       : HikariPool-1 - Shutdown completed.
2022-12-03 15:18:11.689  INFO 38907 --- [main] c.e.r.service.BookServiceTest            : Starting BookServiceTest using Java 11.0.17 on NT01146 with PID 38907 (started by mehmetakcan in /home/mehmetakcan/Aurora/4.Orientation-AB/2.Projects/13.RentaBookRestServices/Rentabook Rest Services)
2022-12-03 15:18:11.690  INFO 38907 --- [main] c.e.r.service.BookServiceTest            : No active profile set, falling back to 1 default profile: "default"
2022-12-03 15:18:12.024  INFO 38907 --- [main] .s.d.r.c.RepositoryConfigurationDelegate : Bootstrapping Spring Data JPA repositories in DEFAULT mode.
2022-12-03 15:18:12.060  INFO 38907 --- [main] .s.d.r.c.RepositoryConfigurationDelegate : Finished Spring Data repository scanning in 32 ms. Found 7 JPA repository interfaces.
2022-12-03 15:18:12.370  INFO 38907 --- [main] com.zaxxer.hikari.HikariDataSource       : HikariPool-1 - Starting...
2022-12-03 15:18:12.485  INFO 38907 --- [main] com.zaxxer.hikari.HikariDataSource       : HikariPool-1 - Start completed.
2022-12-03 15:18:12.523  INFO 38907 --- [main] o.hibernate.jpa.internal.util.LogHelper  : HHH000204: Processing PersistenceUnitInfo [name: default]
2022-12-03 15:18:12.548  INFO 38907 --- [main] org.hibernate.Version                    : HHH000412: Hibernate ORM core version 5.6.12.Final
2022-12-03 15:18:12.648  INFO 38907 --- [main] o.hibernate.annotations.common.Version   : HCANN000001: Hibernate Commons Annotations {5.1.2.Final}
2022-12-03 15:18:12.729  INFO 38907 --- [main] org.hibernate.dialect.Dialect            : HHH000400: Using dialect: org.hibernate.dialect.H2Dialect
2022-12-03 15:18:13.168  INFO 38907 --- [main] o.h.e.t.j.p.i.JtaPlatformInitiator       : HHH000490: Using JtaPlatform implementation: [org.hibernate.engine.transaction.jta.platform.internal.NoJtaPlatform]
2022-12-03 15:18:13.173  INFO 38907 --- [main] j.LocalContainerEntityManagerFactoryBean : Initialized JPA EntityManagerFactory for persistence unit 'default'
2022-12-03 15:18:13.497  INFO 38907 --- [main] c.e.r.service.RentService                : R3122022151813
2022-12-03 15:18:13.661  WARN 38907 --- [main] JpaBaseConfiguration$JpaWebConfiguration : spring.jpa.open-in-view is enabled by default. Therefore, database queries may be performed during view rendering. Explicitly configure spring.jpa.open-in-view to disable this warning
2022-12-03 15:18:14.016  INFO 38907 --- [main] c.e.r.service.BookServiceTest            : Started BookServiceTest in 2.52 seconds (JVM running for 3.128)
2022-12-03 15:18:14.083  INFO 38907 --- [main] c.e.r.repository.LoadDatabase            : Veriler Yüklendi
2022-12-03 15:18:49.906  INFO 38907 --- [SpringApplicationShutdownHook] j.LocalContainerEntityManagerFactoryBean : Closing JPA EntityManagerFactory for persistence unit 'default'
2022-12-03 15:18:49.907  INFO 38907 --- [SpringApplicationShutdownHook] .SchemaDropperImpl$DelayedDropActionImpl : HHH000477: Starting delayed evictData of schema as part of SessionFactory shut-down'
2022-12-03 15:18:49.913  INFO 38907 --- [SpringApplicationShutdownHook] com.zaxxer.hikari.HikariDataSource       : HikariPool-1 - Shutdown initiated...
2022-12-03 15:18:49.915  INFO 38907 --- [SpringApplicationShutdownHook] com.zaxxer.hikari.HikariDataSource       : HikariPool-1 - Shutdown completed.
2022-12-03 15:18:52.743  INFO 39016 --- [main] c.e.r.service.BookServiceTest            : Starting BookServiceTest using Java 11.0.17 on NT01146 with PID 39016 (started by mehmetakcan in /home/mehmetakcan/Aurora/4.Orientation-AB/2.Projects/13.RentaBookRestServices/Rentabook Rest Services)
2022-12-03 15:18:52.743  INFO 39016 --- [main] c.e.r.service.BookServiceTest            : No active profile set, falling back to 1 default profile: "default"
2022-12-03 15:18:53.082  INFO 39016 --- [main] .s.d.r.c.RepositoryConfigurationDelegate : Bootstrapping Spring Data JPA repositories in DEFAULT mode.
2022-12-03 15:18:53.118  INFO 39016 --- [main] .s.d.r.c.RepositoryConfigurationDelegate : Finished Spring Data repository scanning in 32 ms. Found 7 JPA repository interfaces.
2022-12-03 15:18:53.433  INFO 39016 --- [main] com.zaxxer.hikari.HikariDataSource       : HikariPool-1 - Starting...
2022-12-03 15:18:53.563  INFO 39016 --- [main] com.zaxxer.hikari.HikariDataSource       : HikariPool-1 - Start completed.
2022-12-03 15:18:53.605  INFO 39016 --- [main] o.hibernate.jpa.internal.util.LogHelper  : HHH000204: Processing PersistenceUnitInfo [name: default]
2022-12-03 15:18:53.635  INFO 39016 --- [main] org.hibernate.Version                    : HHH000412: Hibernate ORM core version 5.6.12.Final
2022-12-03 15:18:53.736  INFO 39016 --- [main] o.hibernate.annotations.common.Version   : HCANN000001: Hibernate Commons Annotations {5.1.2.Final}
2022-12-03 15:18:53.821  INFO 39016 --- [main] org.hibernate.dialect.Dialect            : HHH000400: Using dialect: org.hibernate.dialect.H2Dialect
2022-12-03 15:18:54.240  INFO 39016 --- [main] o.h.e.t.j.p.i.JtaPlatformInitiator       : HHH000490: Using JtaPlatform implementation: [org.hibernate.engine.transaction.jta.platform.internal.NoJtaPlatform]
2022-12-03 15:18:54.245  INFO 39016 --- [main] j.LocalContainerEntityManagerFactoryBean : Initialized JPA EntityManagerFactory for persistence unit 'default'
2022-12-03 15:18:54.590  INFO 39016 --- [main] c.e.r.service.RentService                : R3122022151854
2022-12-03 15:18:54.739  WARN 39016 --- [main] JpaBaseConfiguration$JpaWebConfiguration : spring.jpa.open-in-view is enabled by default. Therefore, database queries may be performed during view rendering. Explicitly configure spring.jpa.open-in-view to disable this warning
2022-12-03 15:18:55.080  INFO 39016 --- [main] c.e.r.service.BookServiceTest            : Started BookServiceTest in 2.512 seconds (JVM running for 3.113)
2022-12-03 15:18:55.138  INFO 39016 --- [main] c.e.r.repository.LoadDatabase            : Veriler Yüklendi
2022-12-03 15:19:46.550  WARN 39016 --- [HikariPool-1 housekeeper] com.zaxxer.hikari.pool.HikariPool        : HikariPool-1 - Thread starvation or clock leap detected (housekeeper delta=47s472ms253µs656ns).
2022-12-03 15:19:46.572  INFO 39016 --- [SpringApplicationShutdownHook] j.LocalContainerEntityManagerFactoryBean : Closing JPA EntityManagerFactory for persistence unit 'default'
2022-12-03 15:19:46.572  INFO 39016 --- [SpringApplicationShutdownHook] .SchemaDropperImpl$DelayedDropActionImpl : HHH000477: Starting delayed evictData of schema as part of SessionFactory shut-down'
2022-12-03 15:19:46.577  INFO 39016 --- [SpringApplicationShutdownHook] com.zaxxer.hikari.HikariDataSource       : HikariPool-1 - Shutdown initiated...
2022-12-03 15:19:46.579  INFO 39016 --- [SpringApplicationShutdownHook] com.zaxxer.hikari.HikariDataSource       : HikariPool-1 - Shutdown completed.
2022-12-03 15:20:15.065  INFO 39219 --- [main] c.e.r.service.BookServiceTest            : Starting BookServiceTest using Java 11.0.17 on NT01146 with PID 39219 (started by mehmetakcan in /home/mehmetakcan/Aurora/4.Orientation-AB/2.Projects/13.RentaBookRestServices/Rentabook Rest Services)
2022-12-03 15:20:15.067  INFO 39219 --- [main] c.e.r.service.BookServiceTest            : No active profile set, falling back to 1 default profile: "default"
2022-12-03 15:20:15.383  INFO 39219 --- [main] .s.d.r.c.RepositoryConfigurationDelegate : Bootstrapping Spring Data JPA repositories in DEFAULT mode.
2022-12-03 15:20:15.414  INFO 39219 --- [main] .s.d.r.c.RepositoryConfigurationDelegate : Finished Spring Data repository scanning in 27 ms. Found 7 JPA repository interfaces.
2022-12-03 15:20:15.671  INFO 39219 --- [main] com.zaxxer.hikari.HikariDataSource       : HikariPool-1 - Starting...
2022-12-03 15:20:15.775  INFO 39219 --- [main] com.zaxxer.hikari.HikariDataSource       : HikariPool-1 - Start completed.
2022-12-03 15:20:15.817  INFO 39219 --- [main] o.hibernate.jpa.internal.util.LogHelper  : HHH000204: Processing PersistenceUnitInfo [name: default]
2022-12-03 15:20:15.844  INFO 39219 --- [main] org.hibernate.Version                    : HHH000412: Hibernate ORM core version 5.6.12.Final
2022-12-03 15:20:15.953  INFO 39219 --- [main] o.hibernate.annotations.common.Version   : HCANN000001: Hibernate Commons Annotations {5.1.2.Final}
2022-12-03 15:20:16.019  INFO 39219 --- [main] org.hibernate.dialect.Dialect            : HHH000400: Using dialect: org.hibernate.dialect.H2Dialect
2022-12-03 15:20:16.388  INFO 39219 --- [main] o.h.e.t.j.p.i.JtaPlatformInitiator       : HHH000490: Using JtaPlatform implementation: [org.hibernate.engine.transaction.jta.platform.internal.NoJtaPlatform]
2022-12-03 15:20:16.392  INFO 39219 --- [main] j.LocalContainerEntityManagerFactoryBean : Initialized JPA EntityManagerFactory for persistence unit 'default'
2022-12-03 15:20:16.700  INFO 39219 --- [main] c.e.r.service.RentService                : R3122022152016
2022-12-03 15:20:16.826  WARN 39219 --- [main] JpaBaseConfiguration$JpaWebConfiguration : spring.jpa.open-in-view is enabled by default. Therefore, database queries may be performed during view rendering. Explicitly configure spring.jpa.open-in-view to disable this warning
2022-12-03 15:20:17.114  INFO 39219 --- [main] c.e.r.service.BookServiceTest            : Started BookServiceTest in 2.233 seconds (JVM running for 2.815)
2022-12-03 15:20:17.161  INFO 39219 --- [main] c.e.r.repository.LoadDatabase            : Veriler Yüklendi
2022-12-03 15:20:17.333  INFO 39219 --- [SpringApplicationShutdownHook] j.LocalContainerEntityManagerFactoryBean : Closing JPA EntityManagerFactory for persistence unit 'default'
2022-12-03 15:20:17.334  INFO 39219 --- [SpringApplicationShutdownHook] .SchemaDropperImpl$DelayedDropActionImpl : HHH000477: Starting delayed evictData of schema as part of SessionFactory shut-down'
2022-12-03 15:20:17.338  INFO 39219 --- [SpringApplicationShutdownHook] com.zaxxer.hikari.HikariDataSource       : HikariPool-1 - Shutdown initiated...
2022-12-03 15:20:17.342  INFO 39219 --- [SpringApplicationShutdownHook] com.zaxxer.hikari.HikariDataSource       : HikariPool-1 - Shutdown completed.
2022-12-03 15:21:29.134  INFO 39391 --- [main] c.e.r.service.BookServiceTest            : Starting BookServiceTest using Java 11.0.17 on NT01146 with PID 39391 (started by mehmetakcan in /home/mehmetakcan/Aurora/4.Orientation-AB/2.Projects/13.RentaBookRestServices/Rentabook Rest Services)
2022-12-03 15:21:29.135  INFO 39391 --- [main] c.e.r.service.BookServiceTest            : No active profile set, falling back to 1 default profile: "default"
2022-12-03 15:21:29.435  INFO 39391 --- [main] .s.d.r.c.RepositoryConfigurationDelegate : Bootstrapping Spring Data JPA repositories in DEFAULT mode.
2022-12-03 15:21:29.472  INFO 39391 --- [main] .s.d.r.c.RepositoryConfigurationDelegate : Finished Spring Data repository scanning in 32 ms. Found 7 JPA repository interfaces.
2022-12-03 15:21:29.734  INFO 39391 --- [main] com.zaxxer.hikari.HikariDataSource       : HikariPool-1 - Starting...
2022-12-03 15:21:29.837  INFO 39391 --- [main] com.zaxxer.hikari.HikariDataSource       : HikariPool-1 - Start completed.
2022-12-03 15:21:29.868  INFO 39391 --- [main] o.hibernate.jpa.internal.util.LogHelper  : HHH000204: Processing PersistenceUnitInfo [name: default]
2022-12-03 15:21:29.889  INFO 39391 --- [main] org.hibernate.Version                    : HHH000412: Hibernate ORM core version 5.6.12.Final
2022-12-03 15:21:29.978  INFO 39391 --- [main] o.hibernate.annotations.common.Version   : HCANN000001: Hibernate Commons Annotations {5.1.2.Final}
2022-12-03 15:21:30.057  INFO 39391 --- [main] org.hibernate.dialect.Dialect            : HHH000400: Using dialect: org.hibernate.dialect.H2Dialect
2022-12-03 15:21:30.469  INFO 39391 --- [main] o.h.e.t.j.p.i.JtaPlatformInitiator       : HHH000490: Using JtaPlatform implementation: [org.hibernate.engine.transaction.jta.platform.internal.NoJtaPlatform]
2022-12-03 15:21:30.473  INFO 39391 --- [main] j.LocalContainerEntityManagerFactoryBean : Initialized JPA EntityManagerFactory for persistence unit 'default'
2022-12-03 15:21:30.790  INFO 39391 --- [main] c.e.r.service.RentService                : R3122022152130
2022-12-03 15:21:30.923  WARN 39391 --- [main] JpaBaseConfiguration$JpaWebConfiguration : spring.jpa.open-in-view is enabled by default. Therefore, database queries may be performed during view rendering. Explicitly configure spring.jpa.open-in-view to disable this warning
2022-12-03 15:21:31.224  INFO 39391 --- [main] c.e.r.service.BookServiceTest            : Started BookServiceTest in 2.263 seconds (JVM running for 2.86)
2022-12-03 15:21:31.281  INFO 39391 --- [main] c.e.r.repository.LoadDatabase            : Veriler Yüklendi
2022-12-03 15:21:31.450  INFO 39391 --- [SpringApplicationShutdownHook] j.LocalContainerEntityManagerFactoryBean : Closing JPA EntityManagerFactory for persistence unit 'default'
2022-12-03 15:21:31.450  INFO 39391 --- [SpringApplicationShutdownHook] .SchemaDropperImpl$DelayedDropActionImpl : HHH000477: Starting delayed evictData of schema as part of SessionFactory shut-down'
2022-12-03 15:21:31.454  INFO 39391 --- [SpringApplicationShutdownHook] com.zaxxer.hikari.HikariDataSource       : HikariPool-1 - Shutdown initiated...
2022-12-03 15:21:31.456  INFO 39391 --- [SpringApplicationShutdownHook] com.zaxxer.hikari.HikariDataSource       : HikariPool-1 - Shutdown completed.
2022-12-03 15:21:50.299  INFO 39501 --- [main] c.e.r.service.BookServiceTest            : Starting BookServiceTest using Java 11.0.17 on NT01146 with PID 39501 (started by mehmetakcan in /home/mehmetakcan/Aurora/4.Orientation-AB/2.Projects/13.RentaBookRestServices/Rentabook Rest Services)
2022-12-03 15:21:50.300  INFO 39501 --- [main] c.e.r.service.BookServiceTest            : No active profile set, falling back to 1 default profile: "default"
2022-12-03 15:21:50.613  INFO 39501 --- [main] .s.d.r.c.RepositoryConfigurationDelegate : Bootstrapping Spring Data JPA repositories in DEFAULT mode.
2022-12-03 15:21:50.648  INFO 39501 --- [main] .s.d.r.c.RepositoryConfigurationDelegate : Finished Spring Data repository scanning in 30 ms. Found 7 JPA repository interfaces.
2022-12-03 15:21:50.914  INFO 39501 --- [main] com.zaxxer.hikari.HikariDataSource       : HikariPool-1 - Starting...
2022-12-03 15:21:51.015  INFO 39501 --- [main] com.zaxxer.hikari.HikariDataSource       : HikariPool-1 - Start completed.
2022-12-03 15:21:51.050  INFO 39501 --- [main] o.hibernate.jpa.internal.util.LogHelper  : HHH000204: Processing PersistenceUnitInfo [name: default]
2022-12-03 15:21:51.075  INFO 39501 --- [main] org.hibernate.Version                    : HHH000412: Hibernate ORM core version 5.6.12.Final
2022-12-03 15:21:51.164  INFO 39501 --- [main] o.hibernate.annotations.common.Version   : HCANN000001: Hibernate Commons Annotations {5.1.2.Final}
2022-12-03 15:21:51.239  INFO 39501 --- [main] org.hibernate.dialect.Dialect            : HHH000400: Using dialect: org.hibernate.dialect.H2Dialect
2022-12-03 15:21:51.605  INFO 39501 --- [main] o.h.e.t.j.p.i.JtaPlatformInitiator       : HHH000490: Using JtaPlatform implementation: [org.hibernate.engine.transaction.jta.platform.internal.NoJtaPlatform]
2022-12-03 15:21:51.611  INFO 39501 --- [main] j.LocalContainerEntityManagerFactoryBean : Initialized JPA EntityManagerFactory for persistence unit 'default'
2022-12-03 15:21:51.906  INFO 39501 --- [main] c.e.r.service.RentService                : R3122022152151
2022-12-03 15:21:52.022  WARN 39501 --- [main] JpaBaseConfiguration$JpaWebConfiguration : spring.jpa.open-in-view is enabled by default. Therefore, database queries may be performed during view rendering. Explicitly configure spring.jpa.open-in-view to disable this warning
2022-12-03 15:21:52.315  INFO 39501 --- [main] c.e.r.service.BookServiceTest            : Started BookServiceTest in 2.202 seconds (JVM running for 2.789)
2022-12-03 15:21:52.376  INFO 39501 --- [main] c.e.r.repository.LoadDatabase            : Veriler Yüklendi
2022-12-03 15:21:52.529  INFO 39501 --- [SpringApplicationShutdownHook] j.LocalContainerEntityManagerFactoryBean : Closing JPA EntityManagerFactory for persistence unit 'default'
2022-12-03 15:21:52.530  INFO 39501 --- [SpringApplicationShutdownHook] .SchemaDropperImpl$DelayedDropActionImpl : HHH000477: Starting delayed evictData of schema as part of SessionFactory shut-down'
2022-12-03 15:21:52.536  INFO 39501 --- [SpringApplicationShutdownHook] com.zaxxer.hikari.HikariDataSource       : HikariPool-1 - Shutdown initiated...
2022-12-03 15:21:52.538  INFO 39501 --- [SpringApplicationShutdownHook] com.zaxxer.hikari.HikariDataSource       : HikariPool-1 - Shutdown completed.
2022-12-03 15:22:01.405  INFO 39701 --- [main] c.e.r.service.BookServiceTest            : Starting BookServiceTest using Java 11.0.17 on NT01146 with PID 39701 (started by mehmetakcan in /home/mehmetakcan/Aurora/4.Orientation-AB/2.Projects/13.RentaBookRestServices/Rentabook Rest Services)
2022-12-03 15:22:01.406  INFO 39701 --- [main] c.e.r.service.BookServiceTest            : No active profile set, falling back to 1 default profile: "default"
2022-12-03 15:22:01.699  INFO 39701 --- [main] .s.d.r.c.RepositoryConfigurationDelegate : Bootstrapping Spring Data JPA repositories in DEFAULT mode.
2022-12-03 15:22:01.734  INFO 39701 --- [main] .s.d.r.c.RepositoryConfigurationDelegate : Finished Spring Data repository scanning in 30 ms. Found 7 JPA repository interfaces.
2022-12-03 15:22:02.000  INFO 39701 --- [main] com.zaxxer.hikari.HikariDataSource       : HikariPool-1 - Starting...
2022-12-03 15:22:02.104  INFO 39701 --- [main] com.zaxxer.hikari.HikariDataSource       : HikariPool-1 - Start completed.
2022-12-03 15:22:02.138  INFO 39701 --- [main] o.hibernate.jpa.internal.util.LogHelper  : HHH000204: Processing PersistenceUnitInfo [name: default]
2022-12-03 15:22:02.164  INFO 39701 --- [main] org.hibernate.Version                    : HHH000412: Hibernate ORM core version 5.6.12.Final
2022-12-03 15:22:02.258  INFO 39701 --- [main] o.hibernate.annotations.common.Version   : HCANN000001: Hibernate Commons Annotations {5.1.2.Final}
2022-12-03 15:22:02.327  INFO 39701 --- [main] org.hibernate.dialect.Dialect            : HHH000400: Using dialect: org.hibernate.dialect.H2Dialect
2022-12-03 15:22:02.759  INFO 39701 --- [main] o.h.e.t.j.p.i.JtaPlatformInitiator       : HHH000490: Using JtaPlatform implementation: [org.hibernate.engine.transaction.jta.platform.internal.NoJtaPlatform]
2022-12-03 15:22:02.764  INFO 39701 --- [main] j.LocalContainerEntityManagerFactoryBean : Initialized JPA EntityManagerFactory for persistence unit 'default'
2022-12-03 15:22:03.054  INFO 39701 --- [main] c.e.r.service.RentService                : R312202215223
2022-12-03 15:22:03.179  WARN 39701 --- [main] JpaBaseConfiguration$JpaWebConfiguration : spring.jpa.open-in-view is enabled by default. Therefore, database queries may be performed during view rendering. Explicitly configure spring.jpa.open-in-view to disable this warning
2022-12-03 15:22:03.451  INFO 39701 --- [main] c.e.r.service.BookServiceTest            : Started BookServiceTest in 2.223 seconds (JVM running for 2.764)
2022-12-03 15:22:03.522  INFO 39701 --- [main] c.e.r.repository.LoadDatabase            : Veriler Yüklendi
2022-12-03 15:22:03.680  INFO 39701 --- [SpringApplicationShutdownHook] j.LocalContainerEntityManagerFactoryBean : Closing JPA EntityManagerFactory for persistence unit 'default'
2022-12-03 15:22:03.680  INFO 39701 --- [SpringApplicationShutdownHook] .SchemaDropperImpl$DelayedDropActionImpl : HHH000477: Starting delayed evictData of schema as part of SessionFactory shut-down'
2022-12-03 15:22:03.684  INFO 39701 --- [SpringApplicationShutdownHook] com.zaxxer.hikari.HikariDataSource       : HikariPool-1 - Shutdown initiated...
2022-12-03 15:22:03.686  INFO 39701 --- [SpringApplicationShutdownHook] com.zaxxer.hikari.HikariDataSource       : HikariPool-1 - Shutdown completed.
2022-12-03 15:22:31.118  INFO 39807 --- [main] c.e.r.service.BookServiceTest            : Starting BookServiceTest using Java 11.0.17 on NT01146 with PID 39807 (started by mehmetakcan in /home/mehmetakcan/Aurora/4.Orientation-AB/2.Projects/13.RentaBookRestServices/Rentabook Rest Services)
2022-12-03 15:22:31.119  INFO 39807 --- [main] c.e.r.service.BookServiceTest            : No active profile set, falling back to 1 default profile: "default"
2022-12-03 15:22:31.434  INFO 39807 --- [main] .s.d.r.c.RepositoryConfigurationDelegate : Bootstrapping Spring Data JPA repositories in DEFAULT mode.
2022-12-03 15:22:31.467  INFO 39807 --- [main] .s.d.r.c.RepositoryConfigurationDelegate : Finished Spring Data repository scanning in 29 ms. Found 7 JPA repository interfaces.
2022-12-03 15:22:31.728  INFO 39807 --- [main] com.zaxxer.hikari.HikariDataSource       : HikariPool-1 - Starting...
2022-12-03 15:22:31.834  INFO 39807 --- [main] com.zaxxer.hikari.HikariDataSource       : HikariPool-1 - Start completed.
2022-12-03 15:22:31.872  INFO 39807 --- [main] o.hibernate.jpa.internal.util.LogHelper  : HHH000204: Processing PersistenceUnitInfo [name: default]
2022-12-03 15:22:31.901  INFO 39807 --- [main] org.hibernate.Version                    : HHH000412: Hibernate ORM core version 5.6.12.Final
2022-12-03 15:22:31.998  INFO 39807 --- [main] o.hibernate.annotations.common.Version   : HCANN000001: Hibernate Commons Annotations {5.1.2.Final}
2022-12-03 15:22:32.068  INFO 39807 --- [main] org.hibernate.dialect.Dialect            : HHH000400: Using dialect: org.hibernate.dialect.H2Dialect
2022-12-03 15:22:32.444  INFO 39807 --- [main] o.h.e.t.j.p.i.JtaPlatformInitiator       : HHH000490: Using JtaPlatform implementation: [org.hibernate.engine.transaction.jta.platform.internal.NoJtaPlatform]
2022-12-03 15:22:32.448  INFO 39807 --- [main] j.LocalContainerEntityManagerFactoryBean : Initialized JPA EntityManagerFactory for persistence unit 'default'
2022-12-03 15:22:32.751  INFO 39807 --- [main] c.e.r.service.RentService                : R3122022152232
2022-12-03 15:22:32.876  WARN 39807 --- [main] JpaBaseConfiguration$JpaWebConfiguration : spring.jpa.open-in-view is enabled by default. Therefore, database queries may be performed during view rendering. Explicitly configure spring.jpa.open-in-view to disable this warning
2022-12-03 15:22:33.167  INFO 39807 --- [main] c.e.r.service.BookServiceTest            : Started BookServiceTest in 2.238 seconds (JVM running for 2.75)
2022-12-03 15:22:33.233  INFO 39807 --- [main] c.e.r.repository.LoadDatabase            : Veriler Yüklendi
2022-12-03 15:22:33.406  INFO 39807 --- [SpringApplicationShutdownHook] j.LocalContainerEntityManagerFactoryBean : Closing JPA EntityManagerFactory for persistence unit 'default'
2022-12-03 15:22:33.406  INFO 39807 --- [SpringApplicationShutdownHook] .SchemaDropperImpl$DelayedDropActionImpl : HHH000477: Starting delayed evictData of schema as part of SessionFactory shut-down'
2022-12-03 15:22:33.412  INFO 39807 --- [SpringApplicationShutdownHook] com.zaxxer.hikari.HikariDataSource       : HikariPool-1 - Shutdown initiated...
2022-12-03 15:22:33.414  INFO 39807 --- [SpringApplicationShutdownHook] com.zaxxer.hikari.HikariDataSource       : HikariPool-1 - Shutdown completed.
2022-12-03 15:22:48.040  INFO 39895 --- [main] c.e.r.service.BookServiceTest            : Starting BookServiceTest using Java 11.0.17 on NT01146 with PID 39895 (started by mehmetakcan in /home/mehmetakcan/Aurora/4.Orientation-AB/2.Projects/13.RentaBookRestServices/Rentabook Rest Services)
2022-12-03 15:22:48.041  INFO 39895 --- [main] c.e.r.service.BookServiceTest            : No active profile set, falling back to 1 default profile: "default"
2022-12-03 15:22:48.380  INFO 39895 --- [main] .s.d.r.c.RepositoryConfigurationDelegate : Bootstrapping Spring Data JPA repositories in DEFAULT mode.
2022-12-03 15:22:48.419  INFO 39895 --- [main] .s.d.r.c.RepositoryConfigurationDelegate : Finished Spring Data repository scanning in 34 ms. Found 7 JPA repository interfaces.
2022-12-03 15:22:48.726  INFO 39895 --- [main] com.zaxxer.hikari.HikariDataSource       : HikariPool-1 - Starting...
2022-12-03 15:22:48.837  INFO 39895 --- [main] com.zaxxer.hikari.HikariDataSource       : HikariPool-1 - Start completed.
2022-12-03 15:22:48.873  INFO 39895 --- [main] o.hibernate.jpa.internal.util.LogHelper  : HHH000204: Processing PersistenceUnitInfo [name: default]
2022-12-03 15:22:48.900  INFO 39895 --- [main] org.hibernate.Version                    : HHH000412: Hibernate ORM core version 5.6.12.Final
2022-12-03 15:22:49.001  INFO 39895 --- [main] o.hibernate.annotations.common.Version   : HCANN000001: Hibernate Commons Annotations {5.1.2.Final}
2022-12-03 15:22:49.093  INFO 39895 --- [main] org.hibernate.dialect.Dialect            : HHH000400: Using dialect: org.hibernate.dialect.H2Dialect
2022-12-03 15:22:49.526  INFO 39895 --- [main] o.h.e.t.j.p.i.JtaPlatformInitiator       : HHH000490: Using JtaPlatform implementation: [org.hibernate.engine.transaction.jta.platform.internal.NoJtaPlatform]
2022-12-03 15:22:49.532  INFO 39895 --- [main] j.LocalContainerEntityManagerFactoryBean : Initialized JPA EntityManagerFactory for persistence unit 'default'
2022-12-03 15:22:49.850  INFO 39895 --- [main] c.e.r.service.RentService                : R3122022152249
2022-12-03 15:22:50.007  WARN 39895 --- [main] JpaBaseConfiguration$JpaWebConfiguration : spring.jpa.open-in-view is enabled by default. Therefore, database queries may be performed during view rendering. Explicitly configure spring.jpa.open-in-view to disable this warning
2022-12-03 15:22:50.341  INFO 39895 --- [main] c.e.r.service.BookServiceTest            : Started BookServiceTest in 2.515 seconds (JVM running for 3.117)
2022-12-03 15:22:50.411  INFO 39895 --- [main] c.e.r.repository.LoadDatabase            : Veriler Yüklendi
2022-12-03 15:22:53.840  INFO 39895 --- [SpringApplicationShutdownHook] j.LocalContainerEntityManagerFactoryBean : Closing JPA EntityManagerFactory for persistence unit 'default'
2022-12-03 15:22:53.841  INFO 39895 --- [SpringApplicationShutdownHook] .SchemaDropperImpl$DelayedDropActionImpl : HHH000477: Starting delayed evictData of schema as part of SessionFactory shut-down'
2022-12-03 15:22:53.845  INFO 39895 --- [SpringApplicationShutdownHook] com.zaxxer.hikari.HikariDataSource       : HikariPool-1 - Shutdown initiated...
2022-12-03 15:22:53.847  INFO 39895 --- [SpringApplicationShutdownHook] com.zaxxer.hikari.HikariDataSource       : HikariPool-1 - Shutdown completed.
2022-12-03 15:24:36.251  INFO 40103 --- [main] c.e.r.service.BookServiceTest            : Starting BookServiceTest using Java 11.0.17 on NT01146 with PID 40103 (started by mehmetakcan in /home/mehmetakcan/Aurora/4.Orientation-AB/2.Projects/13.RentaBookRestServices/Rentabook Rest Services)
2022-12-03 15:24:36.252  INFO 40103 --- [main] c.e.r.service.BookServiceTest            : No active profile set, falling back to 1 default profile: "default"
2022-12-03 15:24:36.584  INFO 40103 --- [main] .s.d.r.c.RepositoryConfigurationDelegate : Bootstrapping Spring Data JPA repositories in DEFAULT mode.
2022-12-03 15:24:36.620  INFO 40103 --- [main] .s.d.r.c.RepositoryConfigurationDelegate : Finished Spring Data repository scanning in 31 ms. Found 7 JPA repository interfaces.
2022-12-03 15:24:36.924  INFO 40103 --- [main] com.zaxxer.hikari.HikariDataSource       : HikariPool-1 - Starting...
2022-12-03 15:24:37.039  INFO 40103 --- [main] com.zaxxer.hikari.HikariDataSource       : HikariPool-1 - Start completed.
2022-12-03 15:24:37.078  INFO 40103 --- [main] o.hibernate.jpa.internal.util.LogHelper  : HHH000204: Processing PersistenceUnitInfo [name: default]
2022-12-03 15:24:37.106  INFO 40103 --- [main] org.hibernate.Version                    : HHH000412: Hibernate ORM core version 5.6.12.Final
2022-12-03 15:24:37.215  INFO 40103 --- [main] o.hibernate.annotations.common.Version   : HCANN000001: Hibernate Commons Annotations {5.1.2.Final}
2022-12-03 15:24:37.298  INFO 40103 --- [main] org.hibernate.dialect.Dialect            : HHH000400: Using dialect: org.hibernate.dialect.H2Dialect
2022-12-03 15:24:37.722  INFO 40103 --- [main] o.h.e.t.j.p.i.JtaPlatformInitiator       : HHH000490: Using JtaPlatform implementation: [org.hibernate.engine.transaction.jta.platform.internal.NoJtaPlatform]
2022-12-03 15:24:37.727  INFO 40103 --- [main] j.LocalContainerEntityManagerFactoryBean : Initialized JPA EntityManagerFactory for persistence unit 'default'
2022-12-03 15:24:38.044  INFO 40103 --- [main] c.e.r.service.RentService                : R3122022152438
2022-12-03 15:24:38.208  WARN 40103 --- [main] JpaBaseConfiguration$JpaWebConfiguration : spring.jpa.open-in-view is enabled by default. Therefore, database queries may be performed during view rendering. Explicitly configure spring.jpa.open-in-view to disable this warning
2022-12-03 15:24:38.551  INFO 40103 --- [main] c.e.r.service.BookServiceTest            : Started BookServiceTest in 2.493 seconds (JVM running for 3.101)
2022-12-03 15:24:38.619  INFO 40103 --- [main] c.e.r.repository.LoadDatabase            : Veriler Yüklendi
2022-12-03 15:25:13.111  INFO 40103 --- [SpringApplicationShutdownHook] j.LocalContainerEntityManagerFactoryBean : Closing JPA EntityManagerFactory for persistence unit 'default'
2022-12-03 15:25:13.111  INFO 40103 --- [SpringApplicationShutdownHook] .SchemaDropperImpl$DelayedDropActionImpl : HHH000477: Starting delayed evictData of schema as part of SessionFactory shut-down'
2022-12-03 15:25:13.115  INFO 40103 --- [SpringApplicationShutdownHook] com.zaxxer.hikari.HikariDataSource       : HikariPool-1 - Shutdown initiated...
2022-12-03 15:25:13.117  INFO 40103 --- [SpringApplicationShutdownHook] com.zaxxer.hikari.HikariDataSource       : HikariPool-1 - Shutdown completed.
2022-12-03 15:26:36.842  INFO 40287 --- [main] c.e.r.service.BookServiceTest            : Starting BookServiceTest using Java 11.0.17 on NT01146 with PID 40287 (started by mehmetakcan in /home/mehmetakcan/Aurora/4.Orientation-AB/2.Projects/13.RentaBookRestServices/Rentabook Rest Services)
2022-12-03 15:26:36.843  INFO 40287 --- [main] c.e.r.service.BookServiceTest            : No active profile set, falling back to 1 default profile: "default"
2022-12-03 15:26:37.214  INFO 40287 --- [main] .s.d.r.c.RepositoryConfigurationDelegate : Bootstrapping Spring Data JPA repositories in DEFAULT mode.
2022-12-03 15:26:37.251  INFO 40287 --- [main] .s.d.r.c.RepositoryConfigurationDelegate : Finished Spring Data repository scanning in 32 ms. Found 7 JPA repository interfaces.
2022-12-03 15:26:37.537  INFO 40287 --- [main] com.zaxxer.hikari.HikariDataSource       : HikariPool-1 - Starting...
2022-12-03 15:26:37.653  INFO 40287 --- [main] com.zaxxer.hikari.HikariDataSource       : HikariPool-1 - Start completed.
2022-12-03 15:26:37.690  INFO 40287 --- [main] o.hibernate.jpa.internal.util.LogHelper  : HHH000204: Processing PersistenceUnitInfo [name: default]
2022-12-03 15:26:37.718  INFO 40287 --- [main] org.hibernate.Version                    : HHH000412: Hibernate ORM core version 5.6.12.Final
2022-12-03 15:26:37.825  INFO 40287 --- [main] o.hibernate.annotations.common.Version   : HCANN000001: Hibernate Commons Annotations {5.1.2.Final}
2022-12-03 15:26:37.908  INFO 40287 --- [main] org.hibernate.dialect.Dialect            : HHH000400: Using dialect: org.hibernate.dialect.H2Dialect
2022-12-03 15:26:38.358  INFO 40287 --- [main] o.h.e.t.j.p.i.JtaPlatformInitiator       : HHH000490: Using JtaPlatform implementation: [org.hibernate.engine.transaction.jta.platform.internal.NoJtaPlatform]
2022-12-03 15:26:38.362  INFO 40287 --- [main] j.LocalContainerEntityManagerFactoryBean : Initialized JPA EntityManagerFactory for persistence unit 'default'
2022-12-03 15:26:38.722  INFO 40287 --- [main] c.e.r.service.RentService                : R3122022152638
2022-12-03 15:26:38.890  WARN 40287 --- [main] JpaBaseConfiguration$JpaWebConfiguration : spring.jpa.open-in-view is enabled by default. Therefore, database queries may be performed during view rendering. Explicitly configure spring.jpa.open-in-view to disable this warning
2022-12-03 15:26:39.301  INFO 40287 --- [main] c.e.r.service.BookServiceTest            : Started BookServiceTest in 2.631 seconds (JVM running for 3.228)
2022-12-03 15:26:39.377  INFO 40287 --- [main] c.e.r.repository.LoadDatabase            : Veriler Yüklendi
2022-12-03 15:27:08.256  INFO 40287 --- [SpringApplicationShutdownHook] j.LocalContainerEntityManagerFactoryBean : Closing JPA EntityManagerFactory for persistence unit 'default'
2022-12-03 15:27:08.256  INFO 40287 --- [SpringApplicationShutdownHook] .SchemaDropperImpl$DelayedDropActionImpl : HHH000477: Starting delayed evictData of schema as part of SessionFactory shut-down'
2022-12-03 15:27:08.260  INFO 40287 --- [SpringApplicationShutdownHook] com.zaxxer.hikari.HikariDataSource       : HikariPool-1 - Shutdown initiated...
2022-12-03 15:27:08.262  INFO 40287 --- [SpringApplicationShutdownHook] com.zaxxer.hikari.HikariDataSource       : HikariPool-1 - Shutdown completed.
2022-12-03 15:27:33.523  INFO 40403 --- [main] c.e.r.service.BookServiceTest            : Starting BookServiceTest using Java 11.0.17 on NT01146 with PID 40403 (started by mehmetakcan in /home/mehmetakcan/Aurora/4.Orientation-AB/2.Projects/13.RentaBookRestServices/Rentabook Rest Services)
2022-12-03 15:27:33.524  INFO 40403 --- [main] c.e.r.service.BookServiceTest            : No active profile set, falling back to 1 default profile: "default"
2022-12-03 15:27:33.867  INFO 40403 --- [main] .s.d.r.c.RepositoryConfigurationDelegate : Bootstrapping Spring Data JPA repositories in DEFAULT mode.
2022-12-03 15:27:33.906  INFO 40403 --- [main] .s.d.r.c.RepositoryConfigurationDelegate : Finished Spring Data repository scanning in 34 ms. Found 7 JPA repository interfaces.
2022-12-03 15:27:34.221  INFO 40403 --- [main] com.zaxxer.hikari.HikariDataSource       : HikariPool-1 - Starting...
2022-12-03 15:27:34.342  INFO 40403 --- [main] com.zaxxer.hikari.HikariDataSource       : HikariPool-1 - Start completed.
2022-12-03 15:27:34.382  INFO 40403 --- [main] o.hibernate.jpa.internal.util.LogHelper  : HHH000204: Processing PersistenceUnitInfo [name: default]
2022-12-03 15:27:34.412  INFO 40403 --- [main] org.hibernate.Version                    : HHH000412: Hibernate ORM core version 5.6.12.Final
2022-12-03 15:27:34.530  INFO 40403 --- [main] o.hibernate.annotations.common.Version   : HCANN000001: Hibernate Commons Annotations {5.1.2.Final}
2022-12-03 15:27:34.625  INFO 40403 --- [main] org.hibernate.dialect.Dialect            : HHH000400: Using dialect: org.hibernate.dialect.H2Dialect
2022-12-03 15:27:35.061  INFO 40403 --- [main] o.h.e.t.j.p.i.JtaPlatformInitiator       : HHH000490: Using JtaPlatform implementation: [org.hibernate.engine.transaction.jta.platform.internal.NoJtaPlatform]
2022-12-03 15:27:35.065  INFO 40403 --- [main] j.LocalContainerEntityManagerFactoryBean : Initialized JPA EntityManagerFactory for persistence unit 'default'
2022-12-03 15:27:35.424  INFO 40403 --- [main] c.e.r.service.RentService                : R3122022152735
2022-12-03 15:27:35.614  WARN 40403 --- [main] JpaBaseConfiguration$JpaWebConfiguration : spring.jpa.open-in-view is enabled by default. Therefore, database queries may be performed during view rendering. Explicitly configure spring.jpa.open-in-view to disable this warning
2022-12-03 15:27:36.048  INFO 40403 --- [main] c.e.r.service.BookServiceTest            : Started BookServiceTest in 2.707 seconds (JVM running for 3.302)
2022-12-03 15:27:36.128  INFO 40403 --- [main] c.e.r.repository.LoadDatabase            : Veriler Yüklendi
2022-12-03 15:27:51.420  INFO 40403 --- [SpringApplicationShutdownHook] j.LocalContainerEntityManagerFactoryBean : Closing JPA EntityManagerFactory for persistence unit 'default'
2022-12-03 15:27:51.421  INFO 40403 --- [SpringApplicationShutdownHook] .SchemaDropperImpl$DelayedDropActionImpl : HHH000477: Starting delayed evictData of schema as part of SessionFactory shut-down'
2022-12-03 15:27:51.425  INFO 40403 --- [SpringApplicationShutdownHook] com.zaxxer.hikari.HikariDataSource       : HikariPool-1 - Shutdown initiated...
2022-12-03 15:27:51.426  INFO 40403 --- [SpringApplicationShutdownHook] com.zaxxer.hikari.HikariDataSource       : HikariPool-1 - Shutdown completed.
2022-12-03 15:33:10.801  INFO 41396 --- [main] c.e.r.service.BookServiceTest            : Starting BookServiceTest using Java 11.0.17 on NT01146 with PID 41396 (started by mehmetakcan in /home/mehmetakcan/Aurora/4.Orientation-AB/2.Projects/13.RentaBookRestServices/Rentabook Rest Services)
2022-12-03 15:33:10.802  INFO 41396 --- [main] c.e.r.service.BookServiceTest            : No active profile set, falling back to 1 default profile: "default"
2022-12-03 15:33:11.106  INFO 41396 --- [main] .s.d.r.c.RepositoryConfigurationDelegate : Bootstrapping Spring Data JPA repositories in DEFAULT mode.
2022-12-03 15:33:11.143  INFO 41396 --- [main] .s.d.r.c.RepositoryConfigurationDelegate : Finished Spring Data repository scanning in 32 ms. Found 7 JPA repository interfaces.
2022-12-03 15:33:11.410  INFO 41396 --- [main] com.zaxxer.hikari.HikariDataSource       : HikariPool-1 - Starting...
2022-12-03 15:33:11.516  INFO 41396 --- [main] com.zaxxer.hikari.HikariDataSource       : HikariPool-1 - Start completed.
2022-12-03 15:33:11.549  INFO 41396 --- [main] o.hibernate.jpa.internal.util.LogHelper  : HHH000204: Processing PersistenceUnitInfo [name: default]
2022-12-03 15:33:11.575  INFO 41396 --- [main] org.hibernate.Version                    : HHH000412: Hibernate ORM core version 5.6.12.Final
2022-12-03 15:33:11.675  INFO 41396 --- [main] o.hibernate.annotations.common.Version   : HCANN000001: Hibernate Commons Annotations {5.1.2.Final}
2022-12-03 15:33:11.749  INFO 41396 --- [main] org.hibernate.dialect.Dialect            : HHH000400: Using dialect: org.hibernate.dialect.H2Dialect
2022-12-03 15:33:12.128  INFO 41396 --- [main] o.h.e.t.j.p.i.JtaPlatformInitiator       : HHH000490: Using JtaPlatform implementation: [org.hibernate.engine.transaction.jta.platform.internal.NoJtaPlatform]
2022-12-03 15:33:12.132  INFO 41396 --- [main] j.LocalContainerEntityManagerFactoryBean : Initialized JPA EntityManagerFactory for persistence unit 'default'
2022-12-03 15:33:12.468  INFO 41396 --- [main] c.e.r.service.RentService                : R3122022153312
2022-12-03 15:33:12.641  WARN 41396 --- [main] JpaBaseConfiguration$JpaWebConfiguration : spring.jpa.open-in-view is enabled by default. Therefore, database queries may be performed during view rendering. Explicitly configure spring.jpa.open-in-view to disable this warning
2022-12-03 15:33:13.030  INFO 41396 --- [main] c.e.r.service.BookServiceTest            : Started BookServiceTest in 2.394 seconds (JVM running for 2.964)
2022-12-03 15:33:13.103  INFO 41396 --- [main] c.e.r.repository.LoadDatabase            : Veriler Yüklendi
2022-12-03 15:33:13.270  INFO 41396 --- [SpringApplicationShutdownHook] j.LocalContainerEntityManagerFactoryBean : Closing JPA EntityManagerFactory for persistence unit 'default'
2022-12-03 15:33:13.271  INFO 41396 --- [SpringApplicationShutdownHook] .SchemaDropperImpl$DelayedDropActionImpl : HHH000477: Starting delayed evictData of schema as part of SessionFactory shut-down'
2022-12-03 15:33:13.278  INFO 41396 --- [SpringApplicationShutdownHook] com.zaxxer.hikari.HikariDataSource       : HikariPool-1 - Shutdown initiated...
2022-12-03 15:33:13.280  INFO 41396 --- [SpringApplicationShutdownHook] com.zaxxer.hikari.HikariDataSource       : HikariPool-1 - Shutdown completed.
2022-12-03 15:33:19.717  INFO 41486 --- [main] c.e.r.service.BookServiceTest            : Starting BookServiceTest using Java 11.0.17 on NT01146 with PID 41486 (started by mehmetakcan in /home/mehmetakcan/Aurora/4.Orientation-AB/2.Projects/13.RentaBookRestServices/Rentabook Rest Services)
2022-12-03 15:33:19.718  INFO 41486 --- [main] c.e.r.service.BookServiceTest            : No active profile set, falling back to 1 default profile: "default"
2022-12-03 15:33:20.112  INFO 41486 --- [main] .s.d.r.c.RepositoryConfigurationDelegate : Bootstrapping Spring Data JPA repositories in DEFAULT mode.
2022-12-03 15:33:20.155  INFO 41486 --- [main] .s.d.r.c.RepositoryConfigurationDelegate : Finished Spring Data repository scanning in 37 ms. Found 7 JPA repository interfaces.
2022-12-03 15:33:20.457  INFO 41486 --- [main] com.zaxxer.hikari.HikariDataSource       : HikariPool-1 - Starting...
2022-12-03 15:33:20.573  INFO 41486 --- [main] com.zaxxer.hikari.HikariDataSource       : HikariPool-1 - Start completed.
2022-12-03 15:33:20.615  INFO 41486 --- [main] o.hibernate.jpa.internal.util.LogHelper  : HHH000204: Processing PersistenceUnitInfo [name: default]
2022-12-03 15:33:20.647  INFO 41486 --- [main] org.hibernate.Version                    : HHH000412: Hibernate ORM core version 5.6.12.Final
2022-12-03 15:33:20.766  INFO 41486 --- [main] o.hibernate.annotations.common.Version   : HCANN000001: Hibernate Commons Annotations {5.1.2.Final}
2022-12-03 15:33:20.871  INFO 41486 --- [main] org.hibernate.dialect.Dialect            : HHH000400: Using dialect: org.hibernate.dialect.H2Dialect
2022-12-03 15:33:21.298  INFO 41486 --- [main] o.h.e.t.j.p.i.JtaPlatformInitiator       : HHH000490: Using JtaPlatform implementation: [org.hibernate.engine.transaction.jta.platform.internal.NoJtaPlatform]
2022-12-03 15:33:21.303  INFO 41486 --- [main] j.LocalContainerEntityManagerFactoryBean : Initialized JPA EntityManagerFactory for persistence unit 'default'
2022-12-03 15:33:21.845  INFO 41486 --- [main] c.e.r.service.RentService                : R3122022153321
2022-12-03 15:33:22.135  WARN 41486 --- [main] JpaBaseConfiguration$JpaWebConfiguration : spring.jpa.open-in-view is enabled by default. Therefore, database queries may be performed during view rendering. Explicitly configure spring.jpa.open-in-view to disable this warning
2022-12-03 15:33:22.616  INFO 41486 --- [main] c.e.r.service.BookServiceTest            : Started BookServiceTest in 3.094 seconds (JVM running for 3.917)
2022-12-03 15:33:22.725  INFO 41486 --- [main] c.e.r.repository.LoadDatabase            : Veriler Yüklendi
2022-12-03 15:33:42.050  INFO 41486 --- [SpringApplicationShutdownHook] j.LocalContainerEntityManagerFactoryBean : Closing JPA EntityManagerFactory for persistence unit 'default'
2022-12-03 15:33:42.050  INFO 41486 --- [SpringApplicationShutdownHook] .SchemaDropperImpl$DelayedDropActionImpl : HHH000477: Starting delayed evictData of schema as part of SessionFactory shut-down'
2022-12-03 15:33:42.055  INFO 41486 --- [SpringApplicationShutdownHook] com.zaxxer.hikari.HikariDataSource       : HikariPool-1 - Shutdown initiated...
2022-12-03 15:33:42.056  INFO 41486 --- [SpringApplicationShutdownHook] com.zaxxer.hikari.HikariDataSource       : HikariPool-1 - Shutdown completed.
2022-12-03 15:33:44.132  INFO 41599 --- [main] c.e.r.service.BookServiceTest            : Starting BookServiceTest using Java 11.0.17 on NT01146 with PID 41599 (started by mehmetakcan in /home/mehmetakcan/Aurora/4.Orientation-AB/2.Projects/13.RentaBookRestServices/Rentabook Rest Services)
2022-12-03 15:33:44.133  INFO 41599 --- [main] c.e.r.service.BookServiceTest            : No active profile set, falling back to 1 default profile: "default"
2022-12-03 15:33:44.500  INFO 41599 --- [main] .s.d.r.c.RepositoryConfigurationDelegate : Bootstrapping Spring Data JPA repositories in DEFAULT mode.
2022-12-03 15:33:44.536  INFO 41599 --- [main] .s.d.r.c.RepositoryConfigurationDelegate : Finished Spring Data repository scanning in 32 ms. Found 7 JPA repository interfaces.
2022-12-03 15:33:44.896  INFO 41599 --- [main] com.zaxxer.hikari.HikariDataSource       : HikariPool-1 - Starting...
2022-12-03 15:33:45.013  INFO 41599 --- [main] com.zaxxer.hikari.HikariDataSource       : HikariPool-1 - Start completed.
2022-12-03 15:33:45.052  INFO 41599 --- [main] o.hibernate.jpa.internal.util.LogHelper  : HHH000204: Processing PersistenceUnitInfo [name: default]
2022-12-03 15:33:45.081  INFO 41599 --- [main] org.hibernate.Version                    : HHH000412: Hibernate ORM core version 5.6.12.Final
2022-12-03 15:33:45.195  INFO 41599 --- [main] o.hibernate.annotations.common.Version   : HCANN000001: Hibernate Commons Annotations {5.1.2.Final}
2022-12-03 15:33:45.295  INFO 41599 --- [main] org.hibernate.dialect.Dialect            : HHH000400: Using dialect: org.hibernate.dialect.H2Dialect
2022-12-03 15:33:45.762  INFO 41599 --- [main] o.h.e.t.j.p.i.JtaPlatformInitiator       : HHH000490: Using JtaPlatform implementation: [org.hibernate.engine.transaction.jta.platform.internal.NoJtaPlatform]
2022-12-03 15:33:45.766  INFO 41599 --- [main] j.LocalContainerEntityManagerFactoryBean : Initialized JPA EntityManagerFactory for persistence unit 'default'
2022-12-03 15:33:46.173  INFO 41599 --- [main] c.e.r.service.RentService                : R3122022153346
2022-12-03 15:33:46.399  WARN 41599 --- [main] JpaBaseConfiguration$JpaWebConfiguration : spring.jpa.open-in-view is enabled by default. Therefore, database queries may be performed during view rendering. Explicitly configure spring.jpa.open-in-view to disable this warning
2022-12-03 15:33:46.880  INFO 41599 --- [main] c.e.r.service.BookServiceTest            : Started BookServiceTest in 2.954 seconds (JVM running for 3.554)
2022-12-03 15:33:46.981  INFO 41599 --- [main] c.e.r.repository.LoadDatabase            : Veriler Yüklendi
2022-12-03 15:33:56.535  INFO 41599 --- [SpringApplicationShutdownHook] j.LocalContainerEntityManagerFactoryBean : Closing JPA EntityManagerFactory for persistence unit 'default'
2022-12-03 15:33:56.536  INFO 41599 --- [SpringApplicationShutdownHook] .SchemaDropperImpl$DelayedDropActionImpl : HHH000477: Starting delayed evictData of schema as part of SessionFactory shut-down'
2022-12-03 15:33:56.542  INFO 41599 --- [SpringApplicationShutdownHook] com.zaxxer.hikari.HikariDataSource       : HikariPool-1 - Shutdown initiated...
2022-12-03 15:33:56.545  INFO 41599 --- [SpringApplicationShutdownHook] com.zaxxer.hikari.HikariDataSource       : HikariPool-1 - Shutdown completed.
2022-12-03 15:33:57.776  INFO 41697 --- [main] c.e.r.service.BookServiceTest            : Starting BookServiceTest using Java 11.0.17 on NT01146 with PID 41697 (started by mehmetakcan in /home/mehmetakcan/Aurora/4.Orientation-AB/2.Projects/13.RentaBookRestServices/Rentabook Rest Services)
2022-12-03 15:33:57.778  INFO 41697 --- [main] c.e.r.service.BookServiceTest            : No active profile set, falling back to 1 default profile: "default"
2022-12-03 15:33:58.136  INFO 41697 --- [main] .s.d.r.c.RepositoryConfigurationDelegate : Bootstrapping Spring Data JPA repositories in DEFAULT mode.
2022-12-03 15:33:58.175  INFO 41697 --- [main] .s.d.r.c.RepositoryConfigurationDelegate : Finished Spring Data repository scanning in 33 ms. Found 7 JPA repository interfaces.
2022-12-03 15:33:58.468  INFO 41697 --- [main] com.zaxxer.hikari.HikariDataSource       : HikariPool-1 - Starting...
2022-12-03 15:33:58.606  INFO 41697 --- [main] com.zaxxer.hikari.HikariDataSource       : HikariPool-1 - Start completed.
2022-12-03 15:33:58.646  INFO 41697 --- [main] o.hibernate.jpa.internal.util.LogHelper  : HHH000204: Processing PersistenceUnitInfo [name: default]
2022-12-03 15:33:58.675  INFO 41697 --- [main] org.hibernate.Version                    : HHH000412: Hibernate ORM core version 5.6.12.Final
2022-12-03 15:33:58.780  INFO 41697 --- [main] o.hibernate.annotations.common.Version   : HCANN000001: Hibernate Commons Annotations {5.1.2.Final}
2022-12-03 15:33:58.874  INFO 41697 --- [main] org.hibernate.dialect.Dialect            : HHH000400: Using dialect: org.hibernate.dialect.H2Dialect
2022-12-03 15:33:59.329  INFO 41697 --- [main] o.h.e.t.j.p.i.JtaPlatformInitiator       : HHH000490: Using JtaPlatform implementation: [org.hibernate.engine.transaction.jta.platform.internal.NoJtaPlatform]
2022-12-03 15:33:59.333  INFO 41697 --- [main] j.LocalContainerEntityManagerFactoryBean : Initialized JPA EntityManagerFactory for persistence unit 'default'
2022-12-03 15:33:59.789  INFO 41697 --- [main] c.e.r.service.RentService                : R3122022153359
2022-12-03 15:34:00.075  WARN 41697 --- [main] JpaBaseConfiguration$JpaWebConfiguration : spring.jpa.open-in-view is enabled by default. Therefore, database queries may be performed during view rendering. Explicitly configure spring.jpa.open-in-view to disable this warning
2022-12-03 15:34:00.628  INFO 41697 --- [main] c.e.r.service.BookServiceTest            : Started BookServiceTest in 3.062 seconds (JVM running for 3.773)
2022-12-03 15:34:00.728  INFO 41697 --- [main] c.e.r.repository.LoadDatabase            : Veriler Yüklendi
2022-12-03 15:34:33.860  INFO 41697 --- [SpringApplicationShutdownHook] j.LocalContainerEntityManagerFactoryBean : Closing JPA EntityManagerFactory for persistence unit 'default'
2022-12-03 15:34:33.861  INFO 41697 --- [SpringApplicationShutdownHook] .SchemaDropperImpl$DelayedDropActionImpl : HHH000477: Starting delayed evictData of schema as part of SessionFactory shut-down'
2022-12-03 15:34:33.866  INFO 41697 --- [SpringApplicationShutdownHook] com.zaxxer.hikari.HikariDataSource       : HikariPool-1 - Shutdown initiated...
2022-12-03 15:34:33.868  INFO 41697 --- [SpringApplicationShutdownHook] com.zaxxer.hikari.HikariDataSource       : HikariPool-1 - Shutdown completed.
2022-12-03 15:34:53.197  INFO 41826 --- [main] c.e.r.service.BookServiceTest            : Starting BookServiceTest using Java 11.0.17 on NT01146 with PID 41826 (started by mehmetakcan in /home/mehmetakcan/Aurora/4.Orientation-AB/2.Projects/13.RentaBookRestServices/Rentabook Rest Services)
2022-12-03 15:34:53.198  INFO 41826 --- [main] c.e.r.service.BookServiceTest            : No active profile set, falling back to 1 default profile: "default"
2022-12-03 15:34:53.536  INFO 41826 --- [main] .s.d.r.c.RepositoryConfigurationDelegate : Bootstrapping Spring Data JPA repositories in DEFAULT mode.
2022-12-03 15:34:53.573  INFO 41826 --- [main] .s.d.r.c.RepositoryConfigurationDelegate : Finished Spring Data repository scanning in 32 ms. Found 7 JPA repository interfaces.
2022-12-03 15:34:53.908  INFO 41826 --- [main] com.zaxxer.hikari.HikariDataSource       : HikariPool-1 - Starting...
2022-12-03 15:34:54.016  INFO 41826 --- [main] com.zaxxer.hikari.HikariDataSource       : HikariPool-1 - Start completed.
2022-12-03 15:34:54.054  INFO 41826 --- [main] o.hibernate.jpa.internal.util.LogHelper  : HHH000204: Processing PersistenceUnitInfo [name: default]
2022-12-03 15:34:54.084  INFO 41826 --- [main] org.hibernate.Version                    : HHH000412: Hibernate ORM core version 5.6.12.Final
2022-12-03 15:34:54.197  INFO 41826 --- [main] o.hibernate.annotations.common.Version   : HCANN000001: Hibernate Commons Annotations {5.1.2.Final}
2022-12-03 15:34:54.299  INFO 41826 --- [main] org.hibernate.dialect.Dialect            : HHH000400: Using dialect: org.hibernate.dialect.H2Dialect
2022-12-03 15:34:54.745  INFO 41826 --- [main] o.h.e.t.j.p.i.JtaPlatformInitiator       : HHH000490: Using JtaPlatform implementation: [org.hibernate.engine.transaction.jta.platform.internal.NoJtaPlatform]
2022-12-03 15:34:54.750  INFO 41826 --- [main] j.LocalContainerEntityManagerFactoryBean : Initialized JPA EntityManagerFactory for persistence unit 'default'
2022-12-03 15:34:55.144  INFO 41826 --- [main] c.e.r.service.RentService                : R3122022153455
2022-12-03 15:34:55.441  WARN 41826 --- [main] JpaBaseConfiguration$JpaWebConfiguration : spring.jpa.open-in-view is enabled by default. Therefore, database queries may be performed during view rendering. Explicitly configure spring.jpa.open-in-view to disable this warning
2022-12-03 15:34:56.024  INFO 41826 --- [main] c.e.r.service.BookServiceTest            : Started BookServiceTest in 3.014 seconds (JVM running for 3.608)
2022-12-03 15:34:56.147  INFO 41826 --- [main] c.e.r.repository.LoadDatabase            : Veriler Yüklendi
2022-12-03 15:35:29.988  INFO 41826 --- [SpringApplicationShutdownHook] j.LocalContainerEntityManagerFactoryBean : Closing JPA EntityManagerFactory for persistence unit 'default'
2022-12-03 15:35:29.989  INFO 41826 --- [SpringApplicationShutdownHook] .SchemaDropperImpl$DelayedDropActionImpl : HHH000477: Starting delayed evictData of schema as part of SessionFactory shut-down'
2022-12-03 15:35:29.994  INFO 41826 --- [SpringApplicationShutdownHook] com.zaxxer.hikari.HikariDataSource       : HikariPool-1 - Shutdown initiated...
2022-12-03 15:35:29.996  INFO 41826 --- [SpringApplicationShutdownHook] com.zaxxer.hikari.HikariDataSource       : HikariPool-1 - Shutdown completed.
2022-12-03 15:37:12.150  INFO 42009 --- [main] c.e.r.service.BookServiceTest            : Starting BookServiceTest using Java 11.0.17 on NT01146 with PID 42009 (started by mehmetakcan in /home/mehmetakcan/Aurora/4.Orientation-AB/2.Projects/13.RentaBookRestServices/Rentabook Rest Services)
2022-12-03 15:37:12.151  INFO 42009 --- [main] c.e.r.service.BookServiceTest            : No active profile set, falling back to 1 default profile: "default"
2022-12-03 15:37:12.502  INFO 42009 --- [main] .s.d.r.c.RepositoryConfigurationDelegate : Bootstrapping Spring Data JPA repositories in DEFAULT mode.
2022-12-03 15:37:12.539  INFO 42009 --- [main] .s.d.r.c.RepositoryConfigurationDelegate : Finished Spring Data repository scanning in 33 ms. Found 7 JPA repository interfaces.
2022-12-03 15:37:12.869  INFO 42009 --- [main] com.zaxxer.hikari.HikariDataSource       : HikariPool-1 - Starting...
2022-12-03 15:37:12.981  INFO 42009 --- [main] com.zaxxer.hikari.HikariDataSource       : HikariPool-1 - Start completed.
2022-12-03 15:37:13.018  INFO 42009 --- [main] o.hibernate.jpa.internal.util.LogHelper  : HHH000204: Processing PersistenceUnitInfo [name: default]
2022-12-03 15:37:13.050  INFO 42009 --- [main] org.hibernate.Version                    : HHH000412: Hibernate ORM core version 5.6.12.Final
2022-12-03 15:37:13.161  INFO 42009 --- [main] o.hibernate.annotations.common.Version   : HCANN000001: Hibernate Commons Annotations {5.1.2.Final}
2022-12-03 15:37:13.248  INFO 42009 --- [main] org.hibernate.dialect.Dialect            : HHH000400: Using dialect: org.hibernate.dialect.H2Dialect
2022-12-03 15:37:13.747  INFO 42009 --- [main] o.h.e.t.j.p.i.JtaPlatformInitiator       : HHH000490: Using JtaPlatform implementation: [org.hibernate.engine.transaction.jta.platform.internal.NoJtaPlatform]
2022-12-03 15:37:13.752  INFO 42009 --- [main] j.LocalContainerEntityManagerFactoryBean : Initialized JPA EntityManagerFactory for persistence unit 'default'
2022-12-03 15:37:14.171  INFO 42009 --- [main] c.e.r.service.RentService                : R3122022153714
2022-12-03 15:37:14.442  WARN 42009 --- [main] JpaBaseConfiguration$JpaWebConfiguration : spring.jpa.open-in-view is enabled by default. Therefore, database queries may be performed during view rendering. Explicitly configure spring.jpa.open-in-view to disable this warning
2022-12-03 15:37:15.017  INFO 42009 --- [main] c.e.r.service.BookServiceTest            : Started BookServiceTest in 3.068 seconds (JVM running for 3.674)
2022-12-03 15:37:15.105  INFO 42009 --- [main] c.e.r.repository.LoadDatabase            : Veriler Yüklendi
2022-12-03 15:37:15.301  INFO 42009 --- [SpringApplicationShutdownHook] j.LocalContainerEntityManagerFactoryBean : Closing JPA EntityManagerFactory for persistence unit 'default'
2022-12-03 15:37:15.301  INFO 42009 --- [SpringApplicationShutdownHook] .SchemaDropperImpl$DelayedDropActionImpl : HHH000477: Starting delayed evictData of schema as part of SessionFactory shut-down'
2022-12-03 15:37:15.305  INFO 42009 --- [SpringApplicationShutdownHook] com.zaxxer.hikari.HikariDataSource       : HikariPool-1 - Shutdown initiated...
2022-12-03 15:37:15.307  INFO 42009 --- [SpringApplicationShutdownHook] com.zaxxer.hikari.HikariDataSource       : HikariPool-1 - Shutdown completed.
2022-12-03 15:37:22.637  INFO 42109 --- [main] c.e.r.service.BookServiceTest            : Starting BookServiceTest using Java 11.0.17 on NT01146 with PID 42109 (started by mehmetakcan in /home/mehmetakcan/Aurora/4.Orientation-AB/2.Projects/13.RentaBookRestServices/Rentabook Rest Services)
2022-12-03 15:37:22.638  INFO 42109 --- [main] c.e.r.service.BookServiceTest            : No active profile set, falling back to 1 default profile: "default"
2022-12-03 15:37:23.022  INFO 42109 --- [main] .s.d.r.c.RepositoryConfigurationDelegate : Bootstrapping Spring Data JPA repositories in DEFAULT mode.
2022-12-03 15:37:23.060  INFO 42109 --- [main] .s.d.r.c.RepositoryConfigurationDelegate : Finished Spring Data repository scanning in 33 ms. Found 7 JPA repository interfaces.
2022-12-03 15:37:23.440  INFO 42109 --- [main] com.zaxxer.hikari.HikariDataSource       : HikariPool-1 - Starting...
2022-12-03 15:37:23.567  INFO 42109 --- [main] com.zaxxer.hikari.HikariDataSource       : HikariPool-1 - Start completed.
2022-12-03 15:37:23.612  INFO 42109 --- [main] o.hibernate.jpa.internal.util.LogHelper  : HHH000204: Processing PersistenceUnitInfo [name: default]
2022-12-03 15:37:23.646  INFO 42109 --- [main] org.hibernate.Version                    : HHH000412: Hibernate ORM core version 5.6.12.Final
2022-12-03 15:37:23.766  INFO 42109 --- [main] o.hibernate.annotations.common.Version   : HCANN000001: Hibernate Commons Annotations {5.1.2.Final}
2022-12-03 15:37:23.866  INFO 42109 --- [main] org.hibernate.dialect.Dialect            : HHH000400: Using dialect: org.hibernate.dialect.H2Dialect
2022-12-03 15:37:24.335  INFO 42109 --- [main] o.h.e.t.j.p.i.JtaPlatformInitiator       : HHH000490: Using JtaPlatform implementation: [org.hibernate.engine.transaction.jta.platform.internal.NoJtaPlatform]
2022-12-03 15:37:24.340  INFO 42109 --- [main] j.LocalContainerEntityManagerFactoryBean : Initialized JPA EntityManagerFactory for persistence unit 'default'
2022-12-03 15:37:24.797  INFO 42109 --- [main] c.e.r.service.RentService                : R3122022153724
2022-12-03 15:37:25.114  WARN 42109 --- [main] JpaBaseConfiguration$JpaWebConfiguration : spring.jpa.open-in-view is enabled by default. Therefore, database queries may be performed during view rendering. Explicitly configure spring.jpa.open-in-view to disable this warning
2022-12-03 15:37:25.768  INFO 42109 --- [main] c.e.r.service.BookServiceTest            : Started BookServiceTest in 3.333 seconds (JVM running for 3.939)
2022-12-03 15:37:25.771  INFO 42109 --- [SpringApplicationShutdownHook] j.LocalContainerEntityManagerFactoryBean : Closing JPA EntityManagerFactory for persistence unit 'default'
2022-12-03 15:37:25.772  INFO 42109 --- [SpringApplicationShutdownHook] .SchemaDropperImpl$DelayedDropActionImpl : HHH000477: Starting delayed evictData of schema as part of SessionFactory shut-down'
2022-12-03 15:37:25.779  INFO 42109 --- [SpringApplicationShutdownHook] com.zaxxer.hikari.HikariDataSource       : HikariPool-1 - Shutdown initiated...
2022-12-03 15:37:25.782  INFO 42109 --- [SpringApplicationShutdownHook] com.zaxxer.hikari.HikariDataSource       : HikariPool-1 - Shutdown completed.
2022-12-03 15:37:28.945  INFO 42209 --- [main] c.e.r.service.BookServiceTest            : Starting BookServiceTest using Java 11.0.17 on NT01146 with PID 42209 (started by mehmetakcan in /home/mehmetakcan/Aurora/4.Orientation-AB/2.Projects/13.RentaBookRestServices/Rentabook Rest Services)
2022-12-03 15:37:28.946  INFO 42209 --- [main] c.e.r.service.BookServiceTest            : No active profile set, falling back to 1 default profile: "default"
2022-12-03 15:37:29.296  INFO 42209 --- [main] .s.d.r.c.RepositoryConfigurationDelegate : Bootstrapping Spring Data JPA repositories in DEFAULT mode.
2022-12-03 15:37:29.335  INFO 42209 --- [main] .s.d.r.c.RepositoryConfigurationDelegate : Finished Spring Data repository scanning in 34 ms. Found 7 JPA repository interfaces.
2022-12-03 15:37:29.660  INFO 42209 --- [main] com.zaxxer.hikari.HikariDataSource       : HikariPool-1 - Starting...
2022-12-03 15:37:29.810  INFO 42209 --- [main] com.zaxxer.hikari.HikariDataSource       : HikariPool-1 - Start completed.
2022-12-03 15:37:29.880  INFO 42209 --- [main] o.hibernate.jpa.internal.util.LogHelper  : HHH000204: Processing PersistenceUnitInfo [name: default]
2022-12-03 15:37:29.937  INFO 42209 --- [main] org.hibernate.Version                    : HHH000412: Hibernate ORM core version 5.6.12.Final
2022-12-03 15:37:30.115  INFO 42209 --- [main] o.hibernate.annotations.common.Version   : HCANN000001: Hibernate Commons Annotations {5.1.2.Final}
2022-12-03 15:37:30.255  INFO 42209 --- [main] org.hibernate.dialect.Dialect            : HHH000400: Using dialect: org.hibernate.dialect.H2Dialect
2022-12-03 15:37:30.715  INFO 42209 --- [main] o.h.e.t.j.p.i.JtaPlatformInitiator       : HHH000490: Using JtaPlatform implementation: [org.hibernate.engine.transaction.jta.platform.internal.NoJtaPlatform]
2022-12-03 15:37:30.719  INFO 42209 --- [main] j.LocalContainerEntityManagerFactoryBean : Initialized JPA EntityManagerFactory for persistence unit 'default'
2022-12-03 15:37:31.141  INFO 42209 --- [main] c.e.r.service.RentService                : R3122022153731
2022-12-03 15:37:31.542  WARN 42209 --- [main] JpaBaseConfiguration$JpaWebConfiguration : spring.jpa.open-in-view is enabled by default. Therefore, database queries may be performed during view rendering. Explicitly configure spring.jpa.open-in-view to disable this warning
2022-12-03 15:37:32.122  INFO 42209 --- [main] c.e.r.service.BookServiceTest            : Started BookServiceTest in 3.367 seconds (JVM running for 3.989)
2022-12-03 15:37:32.208  INFO 42209 --- [main] c.e.r.repository.LoadDatabase            : Veriler Yüklendi
2022-12-03 15:37:32.410  INFO 42209 --- [SpringApplicationShutdownHook] j.LocalContainerEntityManagerFactoryBean : Closing JPA EntityManagerFactory for persistence unit 'default'
2022-12-03 15:37:32.410  INFO 42209 --- [SpringApplicationShutdownHook] .SchemaDropperImpl$DelayedDropActionImpl : HHH000477: Starting delayed evictData of schema as part of SessionFactory shut-down'
2022-12-03 15:37:32.416  INFO 42209 --- [SpringApplicationShutdownHook] com.zaxxer.hikari.HikariDataSource       : HikariPool-1 - Shutdown initiated...
2022-12-03 15:37:32.418  INFO 42209 --- [SpringApplicationShutdownHook] com.zaxxer.hikari.HikariDataSource       : HikariPool-1 - Shutdown completed.
2022-12-03 15:37:48.748  INFO 42305 --- [main] c.e.r.service.BookServiceTest            : Starting BookServiceTest using Java 11.0.17 on NT01146 with PID 42305 (started by mehmetakcan in /home/mehmetakcan/Aurora/4.Orientation-AB/2.Projects/13.RentaBookRestServices/Rentabook Rest Services)
2022-12-03 15:37:48.750  INFO 42305 --- [main] c.e.r.service.BookServiceTest            : No active profile set, falling back to 1 default profile: "default"
2022-12-03 15:37:49.115  INFO 42305 --- [main] .s.d.r.c.RepositoryConfigurationDelegate : Bootstrapping Spring Data JPA repositories in DEFAULT mode.
2022-12-03 15:37:49.152  INFO 42305 --- [main] .s.d.r.c.RepositoryConfigurationDelegate : Finished Spring Data repository scanning in 32 ms. Found 7 JPA repository interfaces.
2022-12-03 15:37:49.452  INFO 42305 --- [main] com.zaxxer.hikari.HikariDataSource       : HikariPool-1 - Starting...
2022-12-03 15:37:49.573  INFO 42305 --- [main] com.zaxxer.hikari.HikariDataSource       : HikariPool-1 - Start completed.
2022-12-03 15:37:49.614  INFO 42305 --- [main] o.hibernate.jpa.internal.util.LogHelper  : HHH000204: Processing PersistenceUnitInfo [name: default]
2022-12-03 15:37:49.642  INFO 42305 --- [main] org.hibernate.Version                    : HHH000412: Hibernate ORM core version 5.6.12.Final
2022-12-03 15:37:49.749  INFO 42305 --- [main] o.hibernate.annotations.common.Version   : HCANN000001: Hibernate Commons Annotations {5.1.2.Final}
2022-12-03 15:37:49.843  INFO 42305 --- [main] org.hibernate.dialect.Dialect            : HHH000400: Using dialect: org.hibernate.dialect.H2Dialect
2022-12-03 15:37:50.295  INFO 42305 --- [main] o.h.e.t.j.p.i.JtaPlatformInitiator       : HHH000490: Using JtaPlatform implementation: [org.hibernate.engine.transaction.jta.platform.internal.NoJtaPlatform]
2022-12-03 15:37:50.299  INFO 42305 --- [main] j.LocalContainerEntityManagerFactoryBean : Initialized JPA EntityManagerFactory for persistence unit 'default'
2022-12-03 15:37:50.723  INFO 42305 --- [main] c.e.r.service.RentService                : R3122022153750
2022-12-03 15:37:51.023  WARN 42305 --- [main] JpaBaseConfiguration$JpaWebConfiguration : spring.jpa.open-in-view is enabled by default. Therefore, database queries may be performed during view rendering. Explicitly configure spring.jpa.open-in-view to disable this warning
2022-12-03 15:37:51.634  INFO 42305 --- [main] c.e.r.service.BookServiceTest            : Started BookServiceTest in 3.086 seconds (JVM running for 3.711)
2022-12-03 15:37:51.702  INFO 42305 --- [main] c.e.r.repository.LoadDatabase            : Veriler Yüklendi
2022-12-03 15:37:51.883  INFO 42305 --- [SpringApplicationShutdownHook] j.LocalContainerEntityManagerFactoryBean : Closing JPA EntityManagerFactory for persistence unit 'default'
2022-12-03 15:37:51.884  INFO 42305 --- [SpringApplicationShutdownHook] .SchemaDropperImpl$DelayedDropActionImpl : HHH000477: Starting delayed evictData of schema as part of SessionFactory shut-down'
2022-12-03 15:37:51.888  INFO 42305 --- [SpringApplicationShutdownHook] com.zaxxer.hikari.HikariDataSource       : HikariPool-1 - Shutdown initiated...
2022-12-03 15:37:51.890  INFO 42305 --- [SpringApplicationShutdownHook] com.zaxxer.hikari.HikariDataSource       : HikariPool-1 - Shutdown completed.
2022-12-03 15:38:02.200  INFO 42399 --- [main] c.e.r.service.BookServiceTest            : Starting BookServiceTest using Java 11.0.17 on NT01146 with PID 42399 (started by mehmetakcan in /home/mehmetakcan/Aurora/4.Orientation-AB/2.Projects/13.RentaBookRestServices/Rentabook Rest Services)
2022-12-03 15:38:02.201  INFO 42399 --- [main] c.e.r.service.BookServiceTest            : No active profile set, falling back to 1 default profile: "default"
2022-12-03 15:38:02.585  INFO 42399 --- [main] .s.d.r.c.RepositoryConfigurationDelegate : Bootstrapping Spring Data JPA repositories in DEFAULT mode.
2022-12-03 15:38:02.622  INFO 42399 --- [main] .s.d.r.c.RepositoryConfigurationDelegate : Finished Spring Data repository scanning in 33 ms. Found 7 JPA repository interfaces.
2022-12-03 15:38:02.939  INFO 42399 --- [main] com.zaxxer.hikari.HikariDataSource       : HikariPool-1 - Starting...
2022-12-03 15:38:03.050  INFO 42399 --- [main] com.zaxxer.hikari.HikariDataSource       : HikariPool-1 - Start completed.
2022-12-03 15:38:03.088  INFO 42399 --- [main] o.hibernate.jpa.internal.util.LogHelper  : HHH000204: Processing PersistenceUnitInfo [name: default]
2022-12-03 15:38:03.117  INFO 42399 --- [main] org.hibernate.Version                    : HHH000412: Hibernate ORM core version 5.6.12.Final
2022-12-03 15:38:03.224  INFO 42399 --- [main] o.hibernate.annotations.common.Version   : HCANN000001: Hibernate Commons Annotations {5.1.2.Final}
2022-12-03 15:38:03.312  INFO 42399 --- [main] org.hibernate.dialect.Dialect            : HHH000400: Using dialect: org.hibernate.dialect.H2Dialect
2022-12-03 15:38:03.775  INFO 42399 --- [main] o.h.e.t.j.p.i.JtaPlatformInitiator       : HHH000490: Using JtaPlatform implementation: [org.hibernate.engine.transaction.jta.platform.internal.NoJtaPlatform]
2022-12-03 15:38:03.780  INFO 42399 --- [main] j.LocalContainerEntityManagerFactoryBean : Initialized JPA EntityManagerFactory for persistence unit 'default'
2022-12-03 15:38:04.196  INFO 42399 --- [main] c.e.r.service.RentService                : R312202215384
2022-12-03 15:38:04.589  WARN 42399 --- [main] JpaBaseConfiguration$JpaWebConfiguration : spring.jpa.open-in-view is enabled by default. Therefore, database queries may be performed during view rendering. Explicitly configure spring.jpa.open-in-view to disable this warning
2022-12-03 15:38:05.085  INFO 42399 --- [main] c.e.r.service.BookServiceTest            : Started BookServiceTest in 3.066 seconds (JVM running for 3.687)
2022-12-03 15:38:05.163  INFO 42399 --- [main] c.e.r.repository.LoadDatabase            : Veriler Yüklendi
2022-12-03 15:38:40.469  INFO 42399 --- [SpringApplicationShutdownHook] j.LocalContainerEntityManagerFactoryBean : Closing JPA EntityManagerFactory for persistence unit 'default'
2022-12-03 15:38:40.470  INFO 42399 --- [SpringApplicationShutdownHook] .SchemaDropperImpl$DelayedDropActionImpl : HHH000477: Starting delayed evictData of schema as part of SessionFactory shut-down'
2022-12-03 15:38:40.474  INFO 42399 --- [SpringApplicationShutdownHook] com.zaxxer.hikari.HikariDataSource       : HikariPool-1 - Shutdown initiated...
2022-12-03 15:38:40.476  INFO 42399 --- [SpringApplicationShutdownHook] com.zaxxer.hikari.HikariDataSource       : HikariPool-1 - Shutdown completed.
